#
# There is insufficient memory for the Java Runtime Environment to continue.
# Native memory allocation (malloc) failed to allocate 1234976 bytes for Chunk::new
# Possible reasons:
#   The system is out of physical RAM or swap space
#   The process is running with CompressedOops enabled, and the Java Heap may be blocking the growth of the native heap
# Possible solutions:
#   Reduce memory load on the system
#   Increase physical memory or swap space
#   Check if swap backing store is full
#   Decrease Java heap size (-Xmx/-Xms)
#   Decrease number of Java threads
#   Decrease Java thread stack sizes (-Xss)
#   Set larger code cache with -XX:ReservedCodeCacheSize=
#   JVM is running with Unscaled Compressed Oops mode in which the Java heap is
#     placed in the first 4GB address space. The Java Heap base address is the
#     maximum limit for the native heap growth. Please use -XX:HeapBaseMinAddress
#     to set the Java Heap base and to place the Java Heap above 4GB virtual address.
# This output file may be truncated or incomplete.
#
#  Out of Memory Error (allocation.cpp:389), pid=10476, tid=0x0000000000000b9c
#
# JRE version: Java(TM) SE Runtime Environment (8.0_241-b07) (build 1.8.0_241-b07)
# Java VM: Java HotSpot(TM) 64-Bit Server VM (25.241-b07 mixed mode windows-amd64 compressed oops)
# Failed to write core dump. Minidumps are not enabled by default on client versions of Windows
#

---------------  T H R E A D  ---------------

Current thread (0x0000000019f9e800):  JavaThread "C2 CompilerThread1" daemon [_thread_in_native, id=2972, stack(0x000000001a960000,0x000000001aa60000)]

Stack: [0x000000001a960000,0x000000001aa60000]
[error occurred during error reporting (printing stack bounds), id 0xc0000005]

Native frames: (J=compiled Java code, j=interpreted, Vv=VM code, C=native code)


Current CompileTask:
C2:   1614 1480       4       java.net.URLClassLoader$1::run (5 bytes)


---------------  P R O C E S S  ---------------

Java Threads: ( => current thread )
  0x000000001a01b000 JavaThread "Service Thread" daemon [_thread_blocked, id=3868, stack(0x000000001ac60000,0x000000001ad60000)]
  0x0000000019fa3800 JavaThread "C1 CompilerThread3" daemon [_thread_blocked, id=9460, stack(0x000000001ab60000,0x000000001ac60000)]
  0x000000001819b000 JavaThread "C2 CompilerThread2" daemon [_thread_blocked, id=9516, stack(0x000000001aa60000,0x000000001ab60000)]
=>0x0000000019f9e800 JavaThread "C2 CompilerThread1" daemon [_thread_in_native, id=2972, stack(0x000000001a960000,0x000000001aa60000)]
  0x0000000019f9c800 JavaThread "C2 CompilerThread0" daemon [_thread_blocked, id=544, stack(0x000000001a860000,0x000000001a960000)]
  0x0000000019f9b800 JavaThread "Attach Listener" daemon [_thread_blocked, id=656, stack(0x000000001a760000,0x000000001a860000)]
  0x0000000019f9a800 JavaThread "Signal Dispatcher" daemon [_thread_blocked, id=1460, stack(0x000000001a660000,0x000000001a760000)]
  0x00000000030fb800 JavaThread "Finalizer" daemon [_thread_blocked, id=10284, stack(0x000000001a460000,0x000000001a560000)]
  0x0000000019f80800 JavaThread "Reference Handler" daemon [_thread_blocked, id=9996, stack(0x000000001a360000,0x000000001a460000)]
  0x0000000003002800 JavaThread "main" [_thread_in_native, id=896, stack(0x0000000002e90000,0x0000000002f90000)]

Other Threads:
  0x000000001818a000 VMThread [stack: 0x0000000019e60000,0x0000000019f60000] [id=9332]
  0x000000001a03d000 WatcherThread [stack: 0x000000001ad60000,0x000000001ae60000] [id=1532]

VM state:not at safepoint (normal execution)

VM Mutex/Monitor currently owned by a thread: None

heap address: 0x0000000081a00000, size: 2022 MB, Compressed Oops mode: 32-bit
Narrow klass base: 0x0000000000000000, Narrow klass shift: 3
Compressed class space size: 1073741824 Address: 0x0000000100000000

Heap:
 PSYoungGen      total 38400K, used 25166K [0x00000000d5e00000, 0x00000000da900000, 0x0000000100000000)
  eden space 33280K, 60% used [0x00000000d5e00000,0x00000000d719a948,0x00000000d7e80000)
  from space 5120K, 99% used [0x00000000d8380000,0x00000000d8878ec8,0x00000000d8880000)
  to   space 5120K, 0% used [0x00000000d7e80000,0x00000000d7e80000,0x00000000d8380000)
 ParOldGen       total 87552K, used 2779K [0x0000000081a00000, 0x0000000086f80000, 0x00000000d5e00000)
  object space 87552K, 3% used [0x0000000081a00000,0x0000000081cb6fa0,0x0000000086f80000)
 Metaspace       used 14804K, capacity 15058K, committed 15232K, reserved 1062912K
  class space    used 1820K, capacity 1914K, committed 1920K, reserved 1048576K

Card table byte_map: [0x00000000125c0000,0x00000000129c0000] byte_map_base: 0x00000000121b3000

Marking Bits: (ParMarkBitMap*) 0x0000000055aabe30
 Begin Bits: [0x0000000013470000, 0x0000000015408000)
 End Bits:   [0x0000000015408000, 0x00000000173a0000)

Polling page: 0x0000000002f90000

CodeCache: size=245760Kb used=5436Kb max_used=5447Kb free=240323Kb
 bounds [0x0000000003200000, 0x0000000003760000, 0x0000000012200000]
 total_blobs=1911 nmethods=1567 adapters=256
 compilation: enabled

Compilation events (10 events):
Event: 1.539 Thread 0x0000000019fa3800 nmethod 1544 0x000000000373f950 code [0x000000000373fac0, 0x000000000373fcd0]
Event: 1.539 Thread 0x0000000019fa3800 1545       3       org.fusesource.jansi.io.AnsiOutputStream::write (898 bytes)
Event: 1.543 Thread 0x0000000019f9c800 1552       4       java.util.concurrent.atomic.AtomicReferenceArray::checkedByteOffset (45 bytes)
Event: 1.543 Thread 0x0000000019fa3800 nmethod 1545 0x00000000037409d0 code [0x0000000003741140, 0x0000000003746178]
Event: 1.543 Thread 0x0000000019fa3800 1546       3       org.fusesource.jansi.io.FastBufferedOutputStream::write (35 bytes)
Event: 1.543 Thread 0x0000000019f9c800 nmethod 1552 0x000000000373de10 code [0x000000000373df40, 0x000000000373dff8]
Event: 1.543 Thread 0x0000000019fa3800 nmethod 1546 0x000000000373ef90 code [0x000000000373f100, 0x000000000373f448]
Event: 1.543 Thread 0x0000000019fa3800 1549       3       com.google.common.cache.LocalCache$Segment::recordWrite (72 bytes)
Event: 1.544 Thread 0x0000000019fa3800 nmethod 1549 0x000000000373e0d0 code [0x000000000373e2c0, 0x000000000373ec08]
Event: 1.544 Thread 0x0000000019fa3800 1553       3       org.eclipse.sisu.bean.BeanPropertyField::getName (8 bytes)

GC Heap History (4 events):
Event: 0.712 GC heap before
{Heap before GC invocations=1 (full 0):
 PSYoungGen      total 38400K, used 33280K [0x00000000d5e00000, 0x00000000d8880000, 0x0000000100000000)
  eden space 33280K, 100% used [0x00000000d5e00000,0x00000000d7e80000,0x00000000d7e80000)
  from space 5120K, 0% used [0x00000000d8380000,0x00000000d8380000,0x00000000d8880000)
  to   space 5120K, 0% used [0x00000000d7e80000,0x00000000d7e80000,0x00000000d8380000)
 ParOldGen       total 87552K, used 0K [0x0000000081a00000, 0x0000000086f80000, 0x00000000d5e00000)
  object space 87552K, 0% used [0x0000000081a00000,0x0000000081a00000,0x0000000086f80000)
 Metaspace       used 8350K, capacity 8476K, committed 8576K, reserved 1056768K
  class space    used 1012K, capacity 1080K, committed 1152K, reserved 1048576K
Event: 0.719 GC heap after
Heap after GC invocations=1 (full 0):
 PSYoungGen      total 38400K, used 5094K [0x00000000d5e00000, 0x00000000d8880000, 0x0000000100000000)
  eden space 33280K, 0% used [0x00000000d5e00000,0x00000000d5e00000,0x00000000d7e80000)
  from space 5120K, 99% used [0x00000000d7e80000,0x00000000d8379a88,0x00000000d8380000)
  to   space 5120K, 0% used [0x00000000d8380000,0x00000000d8380000,0x00000000d8880000)
 ParOldGen       total 87552K, used 636K [0x0000000081a00000, 0x0000000086f80000, 0x00000000d5e00000)
  object space 87552K, 0% used [0x0000000081a00000,0x0000000081a9f0b8,0x0000000086f80000)
 Metaspace       used 8350K, capacity 8476K, committed 8576K, reserved 1056768K
  class space    used 1012K, capacity 1080K, committed 1152K, reserved 1048576K
}
Event: 1.115 GC heap before
{Heap before GC invocations=2 (full 0):
 PSYoungGen      total 38400K, used 38374K [0x00000000d5e00000, 0x00000000d8880000, 0x0000000100000000)
  eden space 33280K, 100% used [0x00000000d5e00000,0x00000000d7e80000,0x00000000d7e80000)
  from space 5120K, 99% used [0x00000000d7e80000,0x00000000d8379a88,0x00000000d8380000)
  to   space 5120K, 0% used [0x00000000d8380000,0x00000000d8380000,0x00000000d8880000)
 ParOldGen       total 87552K, used 636K [0x0000000081a00000, 0x0000000086f80000, 0x00000000d5e00000)
  object space 87552K, 0% used [0x0000000081a00000,0x0000000081a9f0b8,0x0000000086f80000)
 Metaspace       used 11848K, capacity 12034K, committed 12160K, reserved 1060864K
  class space    used 1478K, capacity 1576K, committed 1664K, reserved 1048576K
Event: 1.124 GC heap after
Heap after GC invocations=2 (full 0):
 PSYoungGen      total 38400K, used 5091K [0x00000000d5e00000, 0x00000000da900000, 0x0000000100000000)
  eden space 33280K, 0% used [0x00000000d5e00000,0x00000000d5e00000,0x00000000d7e80000)
  from space 5120K, 99% used [0x00000000d8380000,0x00000000d8878ec8,0x00000000d8880000)
  to   space 5120K, 0% used [0x00000000d7e80000,0x00000000d7e80000,0x00000000d8380000)
 ParOldGen       total 87552K, used 2779K [0x0000000081a00000, 0x0000000086f80000, 0x00000000d5e00000)
  object space 87552K, 3% used [0x0000000081a00000,0x0000000081cb6fa0,0x0000000086f80000)
 Metaspace       used 11848K, capacity 12034K, committed 12160K, reserved 1060864K
  class space    used 1478K, capacity 1576K, committed 1664K, reserved 1048576K
}

Deoptimization events (10 events):
Event: 1.300 Thread 0x0000000003002800 Uncommon trap: reason=unstable_if action=reinterpret pc=0x00000000036aa758 method=java.lang.reflect.Modifier.isSynthetic(I)Z @ 5
Event: 1.300 Thread 0x0000000003002800 Uncommon trap: reason=unstable_if action=reinterpret pc=0x00000000036aa970 method=java.lang.reflect.Modifier.isSynthetic(I)Z @ 5
Event: 1.362 Thread 0x0000000003002800 Uncommon trap: reason=unstable_if action=reinterpret pc=0x00000000036e5cd0 method=org.eclipse.sisu.inject.InjectorBindings.isAssignableFrom(Lcom/google/inject/TypeLiteral;Lcom/google/inject/Binding;)Z @ 14
Event: 1.384 Thread 0x0000000003002800 Uncommon trap: reason=unstable_if action=reinterpret pc=0x00000000034c976c method=sun.nio.cs.StreamDecoder.implRead([CII)I @ 36
Event: 1.384 Thread 0x0000000003002800 Uncommon trap: reason=unstable_if action=reinterpret pc=0x00000000034aad44 method=sun.nio.cs.StreamDecoder.implRead([CII)I @ 36
Event: 1.406 Thread 0x0000000003002800 Uncommon trap: reason=unstable_if action=reinterpret pc=0x00000000034bc204 method=sun.nio.cs.StreamDecoder.implRead([CII)I @ 36
Event: 1.445 Thread 0x0000000003002800 Uncommon trap: reason=unstable_if action=reinterpret pc=0x000000000371c040 method=sun.net.util.IPAddressUtil.scan(Ljava/lang/String;JJ[C)I @ 14
Event: 1.447 Thread 0x0000000003002800 Uncommon trap: reason=unstable_if action=reinterpret pc=0x00000000036fcfb8 method=sun.net.util.IPAddressUtil.scan(Ljava/lang/String;JJ[C)I @ 14
Event: 1.474 Thread 0x0000000003002800 Uncommon trap: reason=unstable_if action=reinterpret pc=0x00000000034a5adc method=sun.nio.cs.StreamDecoder.implRead([CII)I @ 36
Event: 1.509 Thread 0x0000000003002800 Uncommon trap: reason=unstable_if action=reinterpret pc=0x000000000338ca54 method=java.lang.String.replace(CC)Ljava/lang/String; @ 2

Classes redefined (0 events):
No events

Internal exceptions (10 events):
Event: 0.644 Thread 0x0000000003002800 Exception <a 'java/lang/ArrayIndexOutOfBoundsException'> (0x00000000d79c4b90) thrown at [C:\ade\jenkins\workspace\8-2-build-windows-amd64-cygwin\jdk8u241\331\hotspot\src\share\vm\runtime\sharedRuntime.cpp, line 605]
Event: 0.697 Thread 0x0000000003002800 Exception <a 'java/lang/ArrayIndexOutOfBoundsException': 66> (0x00000000d7cbe528) thrown at [C:\ade\jenkins\workspace\8-2-build-windows-amd64-cygwin\jdk8u241\331\hotspot\src\share\vm\interpreter\interpreterRuntime.cpp, line 368]
Event: 1.248 Thread 0x0000000003002800 Exception <a 'java/lang/NoClassDefFoundError': com/google/inject/servlet/ServletModuleTargetVisitor> (0x00000000d64026e8) thrown at [C:\ade\jenkins\workspace\8-2-build-windows-amd64-cygwin\jdk8u241\331\hotspot\src\share\vm\classfile\systemDictionary.cpp, 
Event: 1.248 Thread 0x0000000003002800 Exception <a 'java/lang/NoClassDefFoundError'> (0x00000000d64026e8) thrown at [C:\ade\jenkins\workspace\8-2-build-windows-amd64-cygwin\jdk8u241\331\hotspot\src\share\vm\prims\jvm.cpp, line 1506]
Event: 1.436 Thread 0x0000000003002800 Exception <a 'java/lang/NullPointerException'> (0x00000000d6af44f0) thrown at [C:\ade\jenkins\workspace\8-2-build-windows-amd64-cygwin\jdk8u241\331\hotspot\src\share\vm\interpreter\linkResolver.cpp, line 1185]
Event: 1.436 Thread 0x0000000003002800 Exception <a 'java/lang/NullPointerException'> (0x00000000d6af46f8) thrown at [C:\ade\jenkins\workspace\8-2-build-windows-amd64-cygwin\jdk8u241\331\hotspot\src\share\vm\interpreter\linkResolver.cpp, line 1185]
Event: 1.436 Thread 0x0000000003002800 Exception <a 'java/lang/NullPointerException'> (0x00000000d6af4900) thrown at [C:\ade\jenkins\workspace\8-2-build-windows-amd64-cygwin\jdk8u241\331\hotspot\src\share\vm\interpreter\linkResolver.cpp, line 1185]
Event: 1.437 Thread 0x0000000003002800 Exception <a 'java/lang/NullPointerException'> (0x00000000d6afbe20) thrown at [C:\ade\jenkins\workspace\8-2-build-windows-amd64-cygwin\jdk8u241\331\hotspot\src\share\vm\interpreter\linkResolver.cpp, line 1185]
Event: 1.437 Thread 0x0000000003002800 Exception <a 'java/lang/NullPointerException'> (0x00000000d6afc028) thrown at [C:\ade\jenkins\workspace\8-2-build-windows-amd64-cygwin\jdk8u241\331\hotspot\src\share\vm\interpreter\linkResolver.cpp, line 1185]
Event: 1.437 Thread 0x0000000003002800 Exception <a 'java/lang/NullPointerException'> (0x00000000d6afc230) thrown at [C:\ade\jenkins\workspace\8-2-build-windows-amd64-cygwin\jdk8u241\331\hotspot\src\share\vm\interpreter\linkResolver.cpp, line 1185]

Events (10 events):
Event: 1.544 loading class org/apache/maven/lifecycle/internal/LifecyclePluginResolver
Event: 1.544 loading class org/apache/maven/lifecycle/internal/LifecyclePluginResolver done
Event: 1.544 loading class org/apache/maven/lifecycle/internal/MojoDescriptorCreator
Event: 1.544 loading class org/apache/maven/lifecycle/internal/MojoDescriptorCreator done
Event: 1.544 loading class org/apache/maven/lifecycle/DefaultLifecycles
Event: 1.544 loading class org/apache/maven/lifecycle/DefaultLifecycles done
Event: 1.544 loading class org/apache/maven/plugin/BuildPluginManager
Event: 1.544 loading class org/apache/maven/plugin/BuildPluginManager done
Event: 1.544 loading class org/apache/maven/plugin/version/PluginVersionResolver
Event: 1.544 loading class org/apache/maven/plugin/version/PluginVersionResolver done


Dynamic libraries:
0x00007ff6c31b0000 - 0x00007ff6c31e7000 	C:\Program Files\Java\jdk1.8.0_241\bin\java.exe
0x00007ffe53c70000 - 0x00007ffe53e65000 	C:\WINDOWS\SYSTEM32\ntdll.dll
0x00007ffe53b70000 - 0x00007ffe53c2e000 	C:\WINDOWS\System32\KERNEL32.DLL
0x00007ffe51380000 - 0x00007ffe51648000 	C:\WINDOWS\System32\KERNELBASE.dll
0x00007ffe53730000 - 0x00007ffe537dc000 	C:\WINDOWS\System32\ADVAPI32.dll
0x00007ffe537e0000 - 0x00007ffe5387e000 	C:\WINDOWS\System32\msvcrt.dll
0x00007ffe53970000 - 0x00007ffe53a0b000 	C:\WINDOWS\System32\sechost.dll
0x00007ffe521c0000 - 0x00007ffe522ea000 	C:\WINDOWS\System32\RPCRT4.dll
0x00007ffe53220000 - 0x00007ffe533c1000 	C:\WINDOWS\System32\USER32.dll
0x00007ffe51650000 - 0x00007ffe51672000 	C:\WINDOWS\System32\win32u.dll
0x00007ffe53b40000 - 0x00007ffe53b6b000 	C:\WINDOWS\System32\GDI32.dll
0x00007ffe51ba0000 - 0x00007ffe51cad000 	C:\WINDOWS\System32\gdi32full.dll
0x00007ffe51680000 - 0x00007ffe5171d000 	C:\WINDOWS\System32\msvcp_win.dll
0x00007ffe51960000 - 0x00007ffe51a60000 	C:\WINDOWS\System32\ucrtbase.dll
0x00007ffe47320000 - 0x00007ffe475ba000 	C:\WINDOWS\WinSxS\amd64_microsoft.windows.common-controls_6595b64144ccf1df_6.0.19041.1110_none_60b5254171f9507e\COMCTL32.dll
0x00007ffe51cb0000 - 0x00007ffe51ce0000 	C:\WINDOWS\System32\IMM32.DLL
0x00000000551a0000 - 0x0000000055272000 	C:\Program Files\Java\jdk1.8.0_241\jre\bin\msvcr100.dll
0x0000000055280000 - 0x0000000055b2c000 	C:\Program Files\Java\jdk1.8.0_241\jre\bin\server\jvm.dll
0x00007ffe52a40000 - 0x00007ffe52a48000 	C:\WINDOWS\System32\PSAPI.DLL
0x00007ffe47750000 - 0x00007ffe47777000 	C:\WINDOWS\SYSTEM32\WINMM.dll
0x00007ffe4a950000 - 0x00007ffe4a95a000 	C:\WINDOWS\SYSTEM32\VERSION.dll
0x00007ffe4fb40000 - 0x00007ffe4fb49000 	C:\WINDOWS\SYSTEM32\WSOCK32.dll
0x00007ffe52ee0000 - 0x00007ffe52f4b000 	C:\WINDOWS\System32\WS2_32.dll
0x00007ffe4b400000 - 0x00007ffe4b40f000 	C:\Program Files\Java\jdk1.8.0_241\jre\bin\verify.dll
0x00007ffe2c3a0000 - 0x00007ffe2c3c9000 	C:\Program Files\Java\jdk1.8.0_241\jre\bin\java.dll
0x00007ffe4b3e0000 - 0x00007ffe4b3f6000 	C:\Program Files\Java\jdk1.8.0_241\jre\bin\zip.dll
0x00007ffe522f0000 - 0x00007ffe52a34000 	C:\WINDOWS\System32\SHELL32.dll
0x00007ffe4f320000 - 0x00007ffe4fab4000 	C:\WINDOWS\SYSTEM32\windows.storage.dll
0x00007ffe533d0000 - 0x00007ffe53725000 	C:\WINDOWS\System32\combase.dll
0x00007ffe50dd0000 - 0x00007ffe50dfe000 	C:\WINDOWS\SYSTEM32\Wldp.dll
0x00007ffe53160000 - 0x00007ffe5320d000 	C:\WINDOWS\System32\SHCORE.dll
0x00007ffe52c00000 - 0x00007ffe52c55000 	C:\WINDOWS\System32\shlwapi.dll
0x00007ffe512c0000 - 0x00007ffe512df000 	C:\WINDOWS\SYSTEM32\profapi.dll
0x0000000069ac0000 - 0x0000000069ae4000 	D:\maven\apache-maven-3.8.3\lib\jansi-native\Windows\x86_64\jansi.dll

VM Arguments:
jvm_args: -Dclassworlds.conf=D:\maven\apache-maven-3.8.3\bin\m2.conf -Dmaven.home=D:\maven\apache-maven-3.8.3 -Dlibrary.jansi.path=D:\maven\apache-maven-3.8.3\lib\jansi-native -Dmaven.multiModuleProjectDirectory=C:\Users\Rori\Documents\NetBeansProjects\ParkingLot 
java_command: org.codehaus.plexus.classworlds.launcher.Launcher -Dmaven.ext.class.path=C:\Program Files\NetBeans-12.5\netbeans\java\maven-nblib\netbeans-eventspy.jar -Dfile.encoding=UTF-8 clean install
java_class_path (initial): D:\maven\apache-maven-3.8.3\boot\plexus-classworlds-2.6.0.jar
Launcher Type: SUN_STANDARD

Environment Variables:
JAVA_HOME=C:\Program Files\Java\jdk1.8.0_241
PATH=C:\Python310\Scripts\;C:\Python310\;C:\Program Files (x86)\Embarcadero\Studio\21.0\bin;C:\Users\Public\Documents\Embarcadero\Studio\21.0\Bpl;C:\Program Files (x86)\Embarcadero\Studio\21.0\bin64;C:\Users\Public\Documents\Embarcadero\Studio\21.0\Bpl\Win64;C:\PROGRA~2\Borland\CBUILD~1\Bin;C:\PROGRA~2\Borland\CBUILD~1\Projects\Bpl;C:\Program Files (x86)\Embarcadero\Studio\20.0\bin;C:\Users\Public\Documents\Embarcadero\Studio\20.0\Bpl;C:\Program Files (x86)\Embarcadero\Studio\20.0\bin64;C:\Users\Public\Documents\Embarcadero\Studio\20.0\Bpl\Win64;C:\Program Files (x86)\Common Files\Oracle\Java\javapath;C:\Windows\system32;C:\Windows;C:\Windows\System32\Wbem;C:\Windows\System32\WindowsPowerShell\v1.0\;C:\Windows\System32\OpenSSH\;C:\Program Files\dotnet\;C:\Program Files\NVIDIA Corporation\NVIDIA NvDLISR;C:\Program Files (x86)\NVIDIA Corporation\PhysX\Common;C:\Program Files (x86)\Windows Kits\10\Windows Performance Toolkit\;C:\WINDOWS\system32;C:\WINDOWS;C:\WINDOWS\System32\Wbem;C:\WINDOWS\System32\WindowsPowerShell\v1.0\;C:\WINDOWS\System32\OpenSSH\;C:\Program Files (x86)\IVI Foundation\VISA\WinNT\Bin\;C:\Program Files\IVI Foundation\VISA\Win64\Bin\;C:\Program Files (x86)\IVI Foundation\VISA\WinNT\Bin;C:\Program Files (x86)\Microsoft SQL Server\90\Tools\binn\;C:\Program Files\nodejs\;C:\ProgramData\chocolatey\bin;C:\Users\Rori\.cargo\bin;C:\Users\Rori\AppData\Local\Programs\AdoptOpenJDK\jdk-11.0.8.10-hotspot\bin;C:\Users\Rori\AppData\Local\Microsoft\WindowsApps;C:\Users\Rori\AppData\Local\Programs\Microsoft VS Code\bin;C:\Users\Rori\AppData\Local\GitHubDesktop\bin;C:\Users\Rori\Desktop\php-8.0.3-Win32-vs16-x64;D:\maven\apache-maven-3.8.3\bin;C:\Program Files\Java\jdk1.8.0_202\bin;C:\Users\Rori\.dotnet\tools;C:\Users\Rori\AppData\Roaming\npm
USERNAME=Rori
OS=Windows_NT
PROCESSOR_IDENTIFIER=Intel64 Family 6 Model 94 Stepping 3, GenuineIntel



---------------  S Y S T E M  ---------------

OS: Windows 10.0 , 64 bit Build 19041 (10.0.19041.1348)

CPU:total 8 (initial active 8) (4 cores per cpu, 2 threads per core) family 6 model 94 stepping 3, cmov, cx8, fxsr, mmx, sse, sse2, sse3, ssse3, sse4.1, sse4.2, popcnt, avx, avx2, aes, clmul, erms, rtm, 3dnowpref, lzcnt, ht, tsc, tscinvbit, bmi1, bmi2, adx

Memory: 4k page, physical 8278804k(1119504k free), swap 8278804k(6348k free)

vm_info: Java HotSpot(TM) 64-Bit Server VM (25.241-b07) for windows-amd64 JRE (1.8.0_241-b07), built on Dec 11 2019 10:21:40 by "rejava" with MS VC++ 10.0 (VS2010)

time: Sat Dec 25 12:12:09 2021
timezone: GTB Standard Time
elapsed time: 1 seconds (0d 0h 0m 1s)

