#
# There is insufficient memory for the Java Runtime Environment to continue.
# Native memory allocation (malloc) failed to allocate 2101136 bytes for Chunk::new
# Possible reasons:
#   The system is out of physical RAM or swap space
#   The process is running with CompressedOops enabled, and the Java Heap may be blocking the growth of the native heap
# Possible solutions:
#   Reduce memory load on the system
#   Increase physical memory or swap space
#   Check if swap backing store is full
#   Decrease Java heap size (-Xmx/-Xms)
#   Decrease number of Java threads
#   Decrease Java thread stack sizes (-Xss)
#   Set larger code cache with -XX:ReservedCodeCacheSize=
#   JVM is running with Unscaled Compressed Oops mode in which the Java heap is
#     placed in the first 4GB address space. The Java Heap base address is the
#     maximum limit for the native heap growth. Please use -XX:HeapBaseMinAddress
#     to set the Java Heap base and to place the Java Heap above 4GB virtual address.
# This output file may be truncated or incomplete.
#
#  Out of Memory Error (allocation.cpp:389), pid=9540, tid=0x000000000000079c
#
# JRE version: Java(TM) SE Runtime Environment (8.0_241-b07) (build 1.8.0_241-b07)
# Java VM: Java HotSpot(TM) 64-Bit Server VM (25.241-b07 mixed mode windows-amd64 compressed oops)
# Failed to write core dump. Minidumps are not enabled by default on client versions of Windows
#

---------------  T H R E A D  ---------------

Current thread (0x000000001994d000):  JavaThread "C2 CompilerThread0" daemon [_thread_in_native, id=1948, stack(0x000000001a240000,0x000000001a340000)]

Stack: [0x000000001a240000,0x000000001a340000]
[error occurred during error reporting (printing stack bounds), id 0xc0000005]

Native frames: (J=compiled Java code, j=interpreted, Vv=VM code, C=native code)


Current CompileTask:
C2:   3837 1487       4       java.net.URLClassLoader$1::run (5 bytes)


---------------  P R O C E S S  ---------------

Java Threads: ( => current thread )
  0x00000000199d6000 JavaThread "Service Thread" daemon [_thread_blocked, id=9080, stack(0x000000001a640000,0x000000001a740000)]
  0x0000000019954800 JavaThread "C1 CompilerThread3" daemon [_thread_blocked, id=3808, stack(0x000000001a540000,0x000000001a640000)]
  0x0000000017b4b000 JavaThread "C2 CompilerThread2" daemon [_thread_blocked, id=11744, stack(0x000000001a440000,0x000000001a540000)]
  0x0000000017b49000 JavaThread "C2 CompilerThread1" daemon [_thread_blocked, id=9200, stack(0x000000001a340000,0x000000001a440000)]
=>0x000000001994d000 JavaThread "C2 CompilerThread0" daemon [_thread_in_native, id=1948, stack(0x000000001a240000,0x000000001a340000)]
  0x000000001994b800 JavaThread "Attach Listener" daemon [_thread_blocked, id=1360, stack(0x000000001a140000,0x000000001a240000)]
  0x000000001994a800 JavaThread "Signal Dispatcher" daemon [_thread_blocked, id=12080, stack(0x000000001a040000,0x000000001a140000)]
  0x0000000019931000 JavaThread "Finalizer" daemon [_thread_blocked, id=688, stack(0x0000000019e10000,0x0000000019f10000)]
  0x0000000017b3d000 JavaThread "Reference Handler" daemon [_thread_blocked, id=7660, stack(0x0000000019d10000,0x0000000019e10000)]
  0x0000000002a72800 JavaThread "main" [_thread_in_native, id=9388, stack(0x0000000002970000,0x0000000002a70000)]

Other Threads:
  0x0000000017b39000 VMThread [stack: 0x0000000019810000,0x0000000019910000] [id=8956]
  0x0000000019973000 WatcherThread [stack: 0x000000001a740000,0x000000001a840000] [id=2928]

VM state:not at safepoint (normal execution)

VM Mutex/Monitor currently owned by a thread: None

heap address: 0x0000000081a00000, size: 2022 MB, Compressed Oops mode: 32-bit
Narrow klass base: 0x0000000000000000, Narrow klass shift: 3
Compressed class space size: 1073741824 Address: 0x0000000100000000

Heap:
 PSYoungGen      total 38400K, used 29184K [0x00000000d5e00000, 0x00000000d8880000, 0x0000000100000000)
  eden space 33280K, 72% used [0x00000000d5e00000,0x00000000d7583388,0x00000000d7e80000)
  from space 5120K, 99% used [0x00000000d8380000,0x00000000d887cfa8,0x00000000d8880000)
  to   space 5120K, 0% used [0x00000000d7e80000,0x00000000d7e80000,0x00000000d8380000)
 ParOldGen       total 87552K, used 3107K [0x0000000081a00000, 0x0000000086f80000, 0x00000000d5e00000)
  object space 87552K, 3% used [0x0000000081a00000,0x0000000081d08d90,0x0000000086f80000)
 Metaspace       used 14948K, capacity 15186K, committed 15232K, reserved 1062912K
  class space    used 1831K, capacity 1914K, committed 1920K, reserved 1048576K

Card table byte_map: [0x0000000011f40000,0x0000000012340000] byte_map_base: 0x0000000011b33000

Marking Bits: (ParMarkBitMap*) 0x000000006382be30
 Begin Bits: [0x0000000012df0000, 0x0000000014d88000)
 End Bits:   [0x0000000014d88000, 0x0000000016d20000)

Polling page: 0x0000000002940000

CodeCache: size=245760Kb used=5902Kb max_used=5902Kb free=239857Kb
 bounds [0x0000000002b80000, 0x0000000003150000, 0x0000000011b80000]
 total_blobs=2051 nmethods=1707 adapters=256
 compilation: enabled

Compilation events (10 events):
Event: 3.775 Thread 0x0000000019954800 1705       3       org.apache.maven.plugin.descriptor.Parameter::setName (6 bytes)
Event: 3.775 Thread 0x0000000019954800 nmethod 1705 0x0000000003141550 code [0x00000000031416a0, 0x0000000003141810]
Event: 3.775 Thread 0x0000000019954800 1706       3       org.apache.maven.plugin.descriptor.Parameter::setAlias (6 bytes)
Event: 3.775 Thread 0x0000000019954800 nmethod 1706 0x0000000003141210 code [0x0000000003141360, 0x00000000031414d0]
Event: 3.775 Thread 0x0000000019954800 1707       3       org.apache.maven.plugin.descriptor.Parameter::setType (6 bytes)
Event: 3.775 Thread 0x0000000019954800 nmethod 1707 0x0000000003140ed0 code [0x0000000003141020, 0x0000000003141190]
Event: 3.775 Thread 0x0000000019954800 1708       3       org.apache.maven.plugin.descriptor.Parameter::setRequired (6 bytes)
Event: 3.775 Thread 0x0000000019954800 nmethod 1708 0x0000000003140b90 code [0x0000000003140ce0, 0x0000000003140e30]
Event: 3.775 Thread 0x0000000019954800 1709       3       java.util.LinkedList::linkLast (59 bytes)
Event: 3.776 Thread 0x0000000019954800 nmethod 1709 0x0000000003140590 code [0x0000000003140700, 0x0000000003140a50]

GC Heap History (4 events):
Event: 2.512 GC heap before
{Heap before GC invocations=1 (full 0):
 PSYoungGen      total 38400K, used 33280K [0x00000000d5e00000, 0x00000000d8880000, 0x0000000100000000)
  eden space 33280K, 100% used [0x00000000d5e00000,0x00000000d7e80000,0x00000000d7e80000)
  from space 5120K, 0% used [0x00000000d8380000,0x00000000d8380000,0x00000000d8880000)
  to   space 5120K, 0% used [0x00000000d7e80000,0x00000000d7e80000,0x00000000d8380000)
 ParOldGen       total 87552K, used 0K [0x0000000081a00000, 0x0000000086f80000, 0x00000000d5e00000)
  object space 87552K, 0% used [0x0000000081a00000,0x0000000081a00000,0x0000000086f80000)
 Metaspace       used 8533K, capacity 8712K, committed 8832K, reserved 1056768K
  class space    used 1038K, capacity 1114K, committed 1152K, reserved 1048576K
Event: 2.517 GC heap after
Heap after GC invocations=1 (full 0):
 PSYoungGen      total 38400K, used 5105K [0x00000000d5e00000, 0x00000000d8880000, 0x0000000100000000)
  eden space 33280K, 0% used [0x00000000d5e00000,0x00000000d5e00000,0x00000000d7e80000)
  from space 5120K, 99% used [0x00000000d7e80000,0x00000000d837c620,0x00000000d8380000)
  to   space 5120K, 0% used [0x00000000d8380000,0x00000000d8380000,0x00000000d8880000)
 ParOldGen       total 87552K, used 864K [0x0000000081a00000, 0x0000000086f80000, 0x00000000d5e00000)
  object space 87552K, 0% used [0x0000000081a00000,0x0000000081ad8238,0x0000000086f80000)
 Metaspace       used 8533K, capacity 8712K, committed 8832K, reserved 1056768K
  class space    used 1038K, capacity 1114K, committed 1152K, reserved 1048576K
}
Event: 3.068 GC heap before
{Heap before GC invocations=2 (full 0):
 PSYoungGen      total 38400K, used 38385K [0x00000000d5e00000, 0x00000000d8880000, 0x0000000100000000)
  eden space 33280K, 100% used [0x00000000d5e00000,0x00000000d7e80000,0x00000000d7e80000)
  from space 5120K, 99% used [0x00000000d7e80000,0x00000000d837c620,0x00000000d8380000)
  to   space 5120K, 0% used [0x00000000d8380000,0x00000000d8380000,0x00000000d8880000)
 ParOldGen       total 87552K, used 864K [0x0000000081a00000, 0x0000000086f80000, 0x00000000d5e00000)
  object space 87552K, 0% used [0x0000000081a00000,0x0000000081ad8238,0x0000000086f80000)
 Metaspace       used 12056K, capacity 12258K, committed 12416K, reserved 1060864K
  class space    used 1510K, capacity 1608K, committed 1664K, reserved 1048576K
Event: 3.075 GC heap after
Heap after GC invocations=2 (full 0):
 PSYoungGen      total 38400K, used 5107K [0x00000000d5e00000, 0x00000000d8880000, 0x0000000100000000)
  eden space 33280K, 0% used [0x00000000d5e00000,0x00000000d5e00000,0x00000000d7e80000)
  from space 5120K, 99% used [0x00000000d8380000,0x00000000d887cfa8,0x00000000d8880000)
  to   space 5120K, 0% used [0x00000000d7e80000,0x00000000d7e80000,0x00000000d8380000)
 ParOldGen       total 87552K, used 3107K [0x0000000081a00000, 0x0000000086f80000, 0x00000000d5e00000)
  object space 87552K, 3% used [0x0000000081a00000,0x0000000081d08d90,0x0000000086f80000)
 Metaspace       used 12056K, capacity 12258K, committed 12416K, reserved 1060864K
  class space    used 1510K, capacity 1608K, committed 1664K, reserved 1048576K
}

Deoptimization events (10 events):
Event: 3.379 Thread 0x0000000002a72800 Uncommon trap: reason=unstable_if action=reinterpret pc=0x00000000030a17c0 method=sun.net.util.IPAddressUtil.scan(Ljava/lang/String;JJ[C)I @ 14
Event: 3.381 Thread 0x0000000002a72800 Uncommon trap: reason=unstable_if action=reinterpret pc=0x0000000003074538 method=sun.net.util.IPAddressUtil.scan(Ljava/lang/String;JJ[C)I @ 14
Event: 3.447 Thread 0x0000000002a72800 Uncommon trap: reason=unstable_if action=reinterpret pc=0x0000000002d02b54 method=java.lang.String.replace(CC)Ljava/lang/String; @ 2
Event: 3.463 Thread 0x0000000002a72800 Uncommon trap: reason=unstable_if action=reinterpret pc=0x0000000002e5d010 method=org.codehaus.plexus.util.xml.pull.MXParser.nextImpl()I @ 241
Event: 3.552 Thread 0x0000000002a72800 Uncommon trap: reason=bimorphic action=maybe_recompile pc=0x00000000030ae638 method=java.util.regex.Pattern$CharProperty.match(Ljava/util/regex/Matcher;ILjava/lang/CharSequence;)Z @ 37
Event: 3.553 Thread 0x0000000002a72800 Uncommon trap: reason=bimorphic action=maybe_recompile pc=0x00000000030ae638 method=java.util.regex.Pattern$CharProperty.match(Ljava/util/regex/Matcher;ILjava/lang/CharSequence;)Z @ 37
Event: 3.575 Thread 0x0000000002a72800 Uncommon trap: reason=bimorphic action=maybe_recompile pc=0x00000000030ae638 method=java.util.regex.Pattern$CharProperty.match(Ljava/util/regex/Matcher;ILjava/lang/CharSequence;)Z @ 37
Event: 3.575 Thread 0x0000000002a72800 Uncommon trap: reason=bimorphic action=maybe_recompile pc=0x00000000030ae638 method=java.util.regex.Pattern$CharProperty.match(Ljava/util/regex/Matcher;ILjava/lang/CharSequence;)Z @ 37
Event: 3.602 Thread 0x0000000002a72800 Uncommon trap: reason=unstable_if action=reinterpret pc=0x0000000002e21d14 method=sun.nio.cs.UTF_8$Decoder.decodeArrayLoop(Ljava/nio/ByteBuffer;Ljava/nio/CharBuffer;)Ljava/nio/charset/CoderResult; @ 84
Event: 3.686 Thread 0x0000000002a72800 Uncommon trap: reason=unstable_if action=reinterpret pc=0x00000000030fc594 method=org.codehaus.plexus.util.xml.pull.MXParser.nextImpl()I @ 1161

Classes redefined (0 events):
No events

Internal exceptions (10 events):
Event: 2.424 Thread 0x0000000002a72800 Exception <a 'java/lang/ArrayIndexOutOfBoundsException'> (0x00000000d782aee8) thrown at [C:\ade\jenkins\workspace\8-2-build-windows-amd64-cygwin\jdk8u241\331\hotspot\src\share\vm\runtime\sharedRuntime.cpp, line 605]
Event: 2.472 Thread 0x0000000002a72800 Exception <a 'java/lang/ArrayIndexOutOfBoundsException': 66> (0x00000000d7b25000) thrown at [C:\ade\jenkins\workspace\8-2-build-windows-amd64-cygwin\jdk8u241\331\hotspot\src\share\vm\interpreter\interpreterRuntime.cpp, line 368]
Event: 3.181 Thread 0x0000000002a72800 Exception <a 'java/lang/NoClassDefFoundError': com/google/inject/servlet/ServletModuleTargetVisitor> (0x00000000d6266680) thrown at [C:\ade\jenkins\workspace\8-2-build-windows-amd64-cygwin\jdk8u241\331\hotspot\src\share\vm\classfile\systemDictionary.cpp, 
Event: 3.181 Thread 0x0000000002a72800 Exception <a 'java/lang/NoClassDefFoundError'> (0x00000000d6266680) thrown at [C:\ade\jenkins\workspace\8-2-build-windows-amd64-cygwin\jdk8u241\331\hotspot\src\share\vm\prims\jvm.cpp, line 1506]
Event: 3.373 Thread 0x0000000002a72800 Exception <a 'java/lang/NullPointerException'> (0x00000000d695a498) thrown at [C:\ade\jenkins\workspace\8-2-build-windows-amd64-cygwin\jdk8u241\331\hotspot\src\share\vm\interpreter\linkResolver.cpp, line 1185]
Event: 3.373 Thread 0x0000000002a72800 Exception <a 'java/lang/NullPointerException'> (0x00000000d695a6a0) thrown at [C:\ade\jenkins\workspace\8-2-build-windows-amd64-cygwin\jdk8u241\331\hotspot\src\share\vm\interpreter\linkResolver.cpp, line 1185]
Event: 3.373 Thread 0x0000000002a72800 Exception <a 'java/lang/NullPointerException'> (0x00000000d695a8a8) thrown at [C:\ade\jenkins\workspace\8-2-build-windows-amd64-cygwin\jdk8u241\331\hotspot\src\share\vm\interpreter\linkResolver.cpp, line 1185]
Event: 3.374 Thread 0x0000000002a72800 Exception <a 'java/lang/NullPointerException'> (0x00000000d6961dc8) thrown at [C:\ade\jenkins\workspace\8-2-build-windows-amd64-cygwin\jdk8u241\331\hotspot\src\share\vm\interpreter\linkResolver.cpp, line 1185]
Event: 3.374 Thread 0x0000000002a72800 Exception <a 'java/lang/NullPointerException'> (0x00000000d6961fd0) thrown at [C:\ade\jenkins\workspace\8-2-build-windows-amd64-cygwin\jdk8u241\331\hotspot\src\share\vm\interpreter\linkResolver.cpp, line 1185]
Event: 3.374 Thread 0x0000000002a72800 Exception <a 'java/lang/NullPointerException'> (0x00000000d69621d8) thrown at [C:\ade\jenkins\workspace\8-2-build-windows-amd64-cygwin\jdk8u241\331\hotspot\src\share\vm\interpreter\linkResolver.cpp, line 1185]

Events (10 events):
Event: 3.756 Thread 0x0000000002a72800 DEOPT PACKING pc=0x00000000030f5f9b sp=0x0000000002a6d2a0
Event: 3.756 Thread 0x0000000002a72800 DEOPT UNPACKING pc=0x0000000002bc7890 sp=0x0000000002a6d0a0 mode 0
Event: 3.771 Thread 0x0000000002a72800 DEOPT PACKING pc=0x00000000030f5f9b sp=0x0000000002a6d4e0
Event: 3.771 Thread 0x0000000002a72800 DEOPT UNPACKING pc=0x0000000002bc7890 sp=0x0000000002a6d2e0 mode 0
Event: 3.772 Thread 0x0000000002a72800 DEOPT PACKING pc=0x00000000030f5f9b sp=0x0000000002a6d5a0
Event: 3.772 Thread 0x0000000002a72800 DEOPT UNPACKING pc=0x0000000002bc7890 sp=0x0000000002a6d3a0 mode 0
Event: 3.772 Thread 0x0000000002a72800 DEOPT PACKING pc=0x00000000030f5f9b sp=0x0000000002a6d500
Event: 3.772 Thread 0x0000000002a72800 DEOPT UNPACKING pc=0x0000000002bc7890 sp=0x0000000002a6d300 mode 0
Event: 3.772 Thread 0x0000000002a72800 DEOPT PACKING pc=0x00000000030f5f9b sp=0x0000000002a6d5a0
Event: 3.772 Thread 0x0000000002a72800 DEOPT UNPACKING pc=0x0000000002bc7890 sp=0x0000000002a6d3a0 mode 0


Dynamic libraries:
0x00007ff76ea80000 - 0x00007ff76eab7000 	C:\Program Files\Java\jdk1.8.0_241\bin\java.exe
0x00007ff9ccdb0000 - 0x00007ff9ccfa5000 	C:\WINDOWS\SYSTEM32\ntdll.dll
0x00007ff9cb480000 - 0x00007ff9cb53e000 	C:\WINDOWS\System32\KERNEL32.DLL
0x00007ff9ca8f0000 - 0x00007ff9cabb8000 	C:\WINDOWS\System32\KERNELBASE.dll
0x00007ff9cbfa0000 - 0x00007ff9cc04c000 	C:\WINDOWS\System32\ADVAPI32.dll
0x00007ff9cafb0000 - 0x00007ff9cb04e000 	C:\WINDOWS\System32\msvcrt.dll
0x00007ff9cbf00000 - 0x00007ff9cbf9b000 	C:\WINDOWS\System32\sechost.dll
0x00007ff9cc0e0000 - 0x00007ff9cc20a000 	C:\WINDOWS\System32\RPCRT4.dll
0x00007ff9cae00000 - 0x00007ff9cafa1000 	C:\WINDOWS\System32\USER32.dll
0x00007ff9ca6d0000 - 0x00007ff9ca6f2000 	C:\WINDOWS\System32\win32u.dll
0x00007ff9cc0b0000 - 0x00007ff9cc0db000 	C:\WINDOWS\System32\GDI32.dll
0x00007ff9cacf0000 - 0x00007ff9cadfb000 	C:\WINDOWS\System32\gdi32full.dll
0x00007ff9ca5d0000 - 0x00007ff9ca66d000 	C:\WINDOWS\System32\msvcp_win.dll
0x00007ff9ca4d0000 - 0x00007ff9ca5d0000 	C:\WINDOWS\System32\ucrtbase.dll
0x00007ff9b99d0000 - 0x00007ff9b9c6a000 	C:\WINDOWS\WinSxS\amd64_microsoft.windows.common-controls_6595b64144ccf1df_6.0.19041.1110_none_60b5254171f9507e\COMCTL32.dll
0x00007ff9ccd40000 - 0x00007ff9ccd70000 	C:\WINDOWS\System32\IMM32.DLL
0x0000000062f20000 - 0x0000000062ff2000 	C:\Program Files\Java\jdk1.8.0_241\jre\bin\msvcr100.dll
0x0000000063000000 - 0x00000000638ac000 	C:\Program Files\Java\jdk1.8.0_241\jre\bin\server\jvm.dll
0x00007ff9cb220000 - 0x00007ff9cb228000 	C:\WINDOWS\System32\PSAPI.DLL
0x00007ff9c8d90000 - 0x00007ff9c8d99000 	C:\WINDOWS\SYSTEM32\WSOCK32.dll
0x00007ff9ba370000 - 0x00007ff9ba397000 	C:\WINDOWS\SYSTEM32\WINMM.dll
0x00007ff9c4120000 - 0x00007ff9c412a000 	C:\WINDOWS\SYSTEM32\VERSION.dll
0x00007ff9cc210000 - 0x00007ff9cc27b000 	C:\WINDOWS\System32\WS2_32.dll
0x00007ff9c12b0000 - 0x00007ff9c12bf000 	C:\Program Files\Java\jdk1.8.0_241\jre\bin\verify.dll
0x00007ff9b5230000 - 0x00007ff9b5259000 	C:\Program Files\Java\jdk1.8.0_241\jre\bin\java.dll
0x00007ff9bc210000 - 0x00007ff9bc226000 	C:\Program Files\Java\jdk1.8.0_241\jre\bin\zip.dll
0x00007ff9cc5e0000 - 0x00007ff9ccd1f000 	C:\WINDOWS\System32\SHELL32.dll
0x00007ff9c8290000 - 0x00007ff9c8a20000 	C:\WINDOWS\SYSTEM32\windows.storage.dll
0x00007ff9cc280000 - 0x00007ff9cc5d5000 	C:\WINDOWS\System32\combase.dll
0x00007ff9c9f20000 - 0x00007ff9c9f4e000 	C:\WINDOWS\SYSTEM32\Wldp.dll
0x00007ff9cb3d0000 - 0x00007ff9cb47d000 	C:\WINDOWS\System32\SHCORE.dll
0x00007ff9cc050000 - 0x00007ff9cc0a5000 	C:\WINDOWS\System32\shlwapi.dll
0x00007ff9ca410000 - 0x00007ff9ca42f000 	C:\WINDOWS\SYSTEM32\profapi.dll
0x0000000069ac0000 - 0x0000000069ae4000 	D:\maven\apache-maven-3.8.3\lib\jansi-native\Windows\x86_64\jansi.dll

VM Arguments:
jvm_args: -Dclassworlds.conf=D:\maven\apache-maven-3.8.3\bin\m2.conf -Dmaven.home=D:\maven\apache-maven-3.8.3 -Dlibrary.jansi.path=D:\maven\apache-maven-3.8.3\lib\jansi-native -Dmaven.multiModuleProjectDirectory=C:\Users\Rori\Documents\NetBeansProjects\ParkingLot 
java_command: org.codehaus.plexus.classworlds.launcher.Launcher -Dmaven.ext.class.path=C:\Program Files\NetBeans-12.5\netbeans\java\maven-nblib\netbeans-eventspy.jar -Dfile.encoding=UTF-8 install
java_class_path (initial): D:\maven\apache-maven-3.8.3\boot\plexus-classworlds-2.6.0.jar
Launcher Type: SUN_STANDARD

Environment Variables:
JAVA_HOME=C:\Program Files\Java\jdk1.8.0_241
PATH=C:\Python310\Scripts\;C:\Python310\;C:\Program Files (x86)\Embarcadero\Studio\21.0\bin;C:\Users\Public\Documents\Embarcadero\Studio\21.0\Bpl;C:\Program Files (x86)\Embarcadero\Studio\21.0\bin64;C:\Users\Public\Documents\Embarcadero\Studio\21.0\Bpl\Win64;C:\PROGRA~2\Borland\CBUILD~1\Bin;C:\PROGRA~2\Borland\CBUILD~1\Projects\Bpl;C:\Program Files (x86)\Embarcadero\Studio\20.0\bin;C:\Users\Public\Documents\Embarcadero\Studio\20.0\Bpl;C:\Program Files (x86)\Embarcadero\Studio\20.0\bin64;C:\Users\Public\Documents\Embarcadero\Studio\20.0\Bpl\Win64;C:\Program Files (x86)\Common Files\Oracle\Java\javapath;C:\Windows\system32;C:\Windows;C:\Windows\System32\Wbem;C:\Windows\System32\WindowsPowerShell\v1.0\;C:\Windows\System32\OpenSSH\;C:\Program Files\dotnet\;C:\Program Files\NVIDIA Corporation\NVIDIA NvDLISR;C:\Program Files (x86)\NVIDIA Corporation\PhysX\Common;C:\Program Files (x86)\Windows Kits\10\Windows Performance Toolkit\;C:\WINDOWS\system32;C:\WINDOWS;C:\WINDOWS\System32\Wbem;C:\WINDOWS\System32\WindowsPowerShell\v1.0\;C:\WINDOWS\System32\OpenSSH\;C:\Program Files (x86)\IVI Foundation\VISA\WinNT\Bin\;C:\Program Files\IVI Foundation\VISA\Win64\Bin\;C:\Program Files (x86)\IVI Foundation\VISA\WinNT\Bin;C:\Program Files (x86)\Microsoft SQL Server\90\Tools\binn\;C:\Program Files\nodejs\;C:\ProgramData\chocolatey\bin;C:\Users\Rori\.cargo\bin;C:\Users\Rori\AppData\Local\Programs\AdoptOpenJDK\jdk-11.0.8.10-hotspot\bin;C:\Users\Rori\AppData\Local\Microsoft\WindowsApps;C:\Users\Rori\AppData\Local\Programs\Microsoft VS Code\bin;C:\Users\Rori\AppData\Local\GitHubDesktop\bin;C:\Users\Rori\Desktop\php-8.0.3-Win32-vs16-x64;D:\maven\apache-maven-3.8.3\bin;C:\Program Files\Java\jdk1.8.0_202\bin;C:\Users\Rori\.dotnet\tools;C:\Users\Rori\AppData\Roaming\npm
USERNAME=Rori
OS=Windows_NT
PROCESSOR_IDENTIFIER=Intel64 Family 6 Model 94 Stepping 3, GenuineIntel



---------------  S Y S T E M  ---------------

OS: Windows 10.0 , 64 bit Build 19041 (10.0.19041.1348)

CPU:total 8 (initial active 8) (4 cores per cpu, 2 threads per core) family 6 model 94 stepping 3, cmov, cx8, fxsr, mmx, sse, sse2, sse3, ssse3, sse4.1, sse4.2, popcnt, avx, avx2, aes, clmul, erms, rtm, 3dnowpref, lzcnt, ht, tsc, tscinvbit, bmi1, bmi2, adx

Memory: 4k page, physical 8278804k(1195716k free), swap 8278804k(5828k free)

vm_info: Java HotSpot(TM) 64-Bit Server VM (25.241-b07) for windows-amd64 JRE (1.8.0_241-b07), built on Dec 11 2019 10:21:40 by "rejava" with MS VC++ 10.0 (VS2010)

time: Tue Dec 21 11:20:20 2021
timezone: GTB Standard Time
elapsed time: 3 seconds (0d 0h 0m 3s)

