#
# There is insufficient memory for the Java Runtime Environment to continue.
# Native memory allocation (malloc) failed to allocate 918736 bytes for Chunk::new
# Possible reasons:
#   The system is out of physical RAM or swap space
#   The process is running with CompressedOops enabled, and the Java Heap may be blocking the growth of the native heap
# Possible solutions:
#   Reduce memory load on the system
#   Increase physical memory or swap space
#   Check if swap backing store is full
#   Decrease Java heap size (-Xmx/-Xms)
#   Decrease number of Java threads
#   Decrease Java thread stack sizes (-Xss)
#   Set larger code cache with -XX:ReservedCodeCacheSize=
#   JVM is running with Unscaled Compressed Oops mode in which the Java heap is
#     placed in the first 4GB address space. The Java Heap base address is the
#     maximum limit for the native heap growth. Please use -XX:HeapBaseMinAddress
#     to set the Java Heap base and to place the Java Heap above 4GB virtual address.
# This output file may be truncated or incomplete.
#
#  Out of Memory Error (allocation.cpp:389), pid=9504, tid=0x00000000000033f4
#
# JRE version: Java(TM) SE Runtime Environment (8.0_241-b07) (build 1.8.0_241-b07)
# Java VM: Java HotSpot(TM) 64-Bit Server VM (25.241-b07 mixed mode windows-amd64 compressed oops)
# Failed to write core dump. Minidumps are not enabled by default on client versions of Windows
#

---------------  T H R E A D  ---------------

Current thread (0x0000000019757000):  JavaThread "C2 CompilerThread0" daemon [_thread_in_native, id=13300, stack(0x000000001a020000,0x000000001a120000)]

Stack: [0x000000001a020000,0x000000001a120000]
[error occurred during error reporting (printing stack bounds), id 0xc0000005]

Native frames: (J=compiled Java code, j=interpreted, Vv=VM code, C=native code)


Current CompileTask:
C2:   4556 4652   !   4       com.google.inject.spi.InjectionPoint::getInjectionPoints (489 bytes)


---------------  P R O C E S S  ---------------

Java Threads: ( => current thread )
  0x00000000197ed800 JavaThread "Service Thread" daemon [_thread_blocked, id=12148, stack(0x000000001a420000,0x000000001a520000)]
  0x000000001976b800 JavaThread "C1 CompilerThread3" daemon [_thread_blocked, id=1952, stack(0x000000001a320000,0x000000001a420000)]
  0x000000001975a000 JavaThread "C2 CompilerThread2" daemon [_thread_in_native, id=8228, stack(0x000000001a220000,0x000000001a320000)]
  0x0000000019759000 JavaThread "C2 CompilerThread1" daemon [_thread_in_native, id=8520, stack(0x000000001a120000,0x000000001a220000)]
=>0x0000000019757000 JavaThread "C2 CompilerThread0" daemon [_thread_in_native, id=13300, stack(0x000000001a020000,0x000000001a120000)]
  0x0000000019756000 JavaThread "Attach Listener" daemon [_thread_blocked, id=11252, stack(0x0000000019f20000,0x000000001a020000)]
  0x0000000019753000 JavaThread "Signal Dispatcher" daemon [_thread_blocked, id=10056, stack(0x0000000019e20000,0x0000000019f20000)]
  0x000000001792e000 JavaThread "Finalizer" daemon [_thread_blocked, id=7948, stack(0x0000000019c20000,0x0000000019d20000)]
  0x0000000019740800 JavaThread "Reference Handler" daemon [_thread_blocked, id=13092, stack(0x0000000019b20000,0x0000000019c20000)]
  0x00000000028a2800 JavaThread "main" [_thread_in_native, id=12128, stack(0x0000000002710000,0x0000000002810000)]

Other Threads:
  0x000000001792a000 VMThread [stack: 0x0000000019620000,0x0000000019720000] [id=10148]
  0x0000000019808000 WatcherThread [stack: 0x000000001a520000,0x000000001a620000] [id=11496]

VM state:not at safepoint (normal execution)

VM Mutex/Monitor currently owned by a thread: None

heap address: 0x0000000081a00000, size: 2022 MB, Compressed Oops mode: 32-bit
Narrow klass base: 0x0000000000000000, Narrow klass shift: 3
Compressed class space size: 1073741824 Address: 0x0000000100000000

Heap:
 PSYoungGen      total 71680K, used 15734K [0x00000000d5e00000, 0x00000000dd900000, 0x0000000100000000)
  eden space 66560K, 15% used [0x00000000d5e00000,0x00000000d68624e8,0x00000000d9f00000)
  from space 5120K, 99% used [0x00000000d9f00000,0x00000000da3fb6c0,0x00000000da400000)
  to   space 11776K, 0% used [0x00000000dcd80000,0x00000000dcd80000,0x00000000dd900000)
 ParOldGen       total 64000K, used 17271K [0x0000000081a00000, 0x0000000085880000, 0x00000000d5e00000)
  object space 64000K, 26% used [0x0000000081a00000,0x0000000082adde80,0x0000000085880000)
 Metaspace       used 27794K, capacity 28472K, committed 28672K, reserved 1075200K
  class space    used 3355K, capacity 3564K, committed 3584K, reserved 1048576K

Card table byte_map: [0x0000000011d60000,0x0000000012160000] byte_map_base: 0x0000000011953000

Marking Bits: (ParMarkBitMap*) 0x0000000071aebe30
 Begin Bits: [0x0000000012c10000, 0x0000000014ba8000)
 End Bits:   [0x0000000014ba8000, 0x0000000016b40000)

Polling page: 0x0000000000e90000

CodeCache: size=245760Kb used=15021Kb max_used=16447Kb free=230738Kb
 bounds [0x00000000029a0000, 0x00000000039c0000, 0x00000000119a0000]
 total_blobs=4737 nmethods=4315 adapters=334
 compilation: enabled

Compilation events (10 events):
Event: 4.514 Thread 0x000000001976b800 nmethod 4677 0x0000000002b816d0 code [0x0000000002b81840, 0x0000000002b81ae8]
Event: 4.524 Thread 0x000000001976b800 4678       3       java.nio.channels.spi.AbstractInterruptibleChannel::begin (48 bytes)
Event: 4.525 Thread 0x000000001976b800 nmethod 4678 0x0000000002d4d8d0 code [0x0000000002d4daa0, 0x0000000002d4e3b8]
Event: 4.526 Thread 0x000000001976b800 4679       3       java.lang.Thread::isInterrupted (6 bytes)
Event: 4.526 Thread 0x000000001976b800 nmethod 4679 0x0000000002c8aed0 code [0x0000000002c8b040, 0x0000000002c8b1c8]
Event: 4.538 Thread 0x0000000019759000 4680       4       org.codehaus.plexus.classworlds.realm.ClassRealm::loadClass (7 bytes)
Event: 4.542 Thread 0x000000001976b800 4681       3       sun.util.locale.LocaleUtils::toLower (17 bytes)
Event: 4.543 Thread 0x000000001976b800 nmethod 4681 0x0000000002b6ea10 code [0x0000000002b6eb80, 0x0000000002b6edf0]
Event: 4.543 Thread 0x000000001976b800 4682       1       sun.util.locale.StringTokenIterator::isDone (5 bytes)
Event: 4.543 Thread 0x000000001976b800 nmethod 4682 0x0000000002f5d6d0 code [0x0000000002f5d820, 0x0000000002f5d930]

GC Heap History (10 events):
Event: 2.008 GC heap before
{Heap before GC invocations=4 (full 0):
 PSYoungGen      total 38400K, used 38368K [0x00000000d5e00000, 0x00000000da900000, 0x0000000100000000)
  eden space 33280K, 100% used [0x00000000d5e00000,0x00000000d7e80000,0x00000000d7e80000)
  from space 5120K, 99% used [0x00000000d7e80000,0x00000000d8378040,0x00000000d8380000)
  to   space 5120K, 0% used [0x00000000da400000,0x00000000da400000,0x00000000da900000)
 ParOldGen       total 87552K, used 5559K [0x0000000081a00000, 0x0000000086f80000, 0x00000000d5e00000)
  object space 87552K, 6% used [0x0000000081a00000,0x0000000081f6dc30,0x0000000086f80000)
 Metaspace       used 15976K, capacity 16354K, committed 16640K, reserved 1064960K
  class space    used 1916K, capacity 2022K, committed 2048K, reserved 1048576K
Event: 2.018 GC heap after
Heap after GC invocations=4 (full 0):
 PSYoungGen      total 71680K, used 5088K [0x00000000d5e00000, 0x00000000da900000, 0x0000000100000000)
  eden space 66560K, 0% used [0x00000000d5e00000,0x00000000d5e00000,0x00000000d9f00000)
  from space 5120K, 99% used [0x00000000da400000,0x00000000da8f8060,0x00000000da900000)
  to   space 5120K, 0% used [0x00000000d9f00000,0x00000000d9f00000,0x00000000da400000)
 ParOldGen       total 87552K, used 7533K [0x0000000081a00000, 0x0000000086f80000, 0x00000000d5e00000)
  object space 87552K, 8% used [0x0000000081a00000,0x000000008215b430,0x0000000086f80000)
 Metaspace       used 15976K, capacity 16354K, committed 16640K, reserved 1064960K
  class space    used 1916K, capacity 2022K, committed 2048K, reserved 1048576K
}
Event: 2.803 GC heap before
{Heap before GC invocations=5 (full 0):
 PSYoungGen      total 71680K, used 71648K [0x00000000d5e00000, 0x00000000da900000, 0x0000000100000000)
  eden space 66560K, 100% used [0x00000000d5e00000,0x00000000d9f00000,0x00000000d9f00000)
  from space 5120K, 99% used [0x00000000da400000,0x00000000da8f8060,0x00000000da900000)
  to   space 5120K, 0% used [0x00000000d9f00000,0x00000000d9f00000,0x00000000da400000)
 ParOldGen       total 87552K, used 7533K [0x0000000081a00000, 0x0000000086f80000, 0x00000000d5e00000)
  object space 87552K, 8% used [0x0000000081a00000,0x000000008215b430,0x0000000086f80000)
 Metaspace       used 18390K, capacity 18832K, committed 19072K, reserved 1067008K
  class space    used 2210K, capacity 2335K, committed 2432K, reserved 1048576K
Event: 2.823 GC heap after
Heap after GC invocations=5 (full 0):
 PSYoungGen      total 71680K, used 5088K [0x00000000d5e00000, 0x00000000da900000, 0x0000000100000000)
  eden space 66560K, 0% used [0x00000000d5e00000,0x00000000d5e00000,0x00000000d9f00000)
  from space 5120K, 99% used [0x00000000d9f00000,0x00000000da3f8020,0x00000000da400000)
  to   space 5120K, 0% used [0x00000000da400000,0x00000000da400000,0x00000000da900000)
 ParOldGen       total 87552K, used 12410K [0x0000000081a00000, 0x0000000086f80000, 0x00000000d5e00000)
  object space 87552K, 14% used [0x0000000081a00000,0x000000008261eb38,0x0000000086f80000)
 Metaspace       used 18390K, capacity 18832K, committed 19072K, reserved 1067008K
  class space    used 2210K, capacity 2335K, committed 2432K, reserved 1048576K
}
Event: 3.107 GC heap before
{Heap before GC invocations=6 (full 0):
 PSYoungGen      total 71680K, used 19813K [0x00000000d5e00000, 0x00000000da900000, 0x0000000100000000)
  eden space 66560K, 22% used [0x00000000d5e00000,0x00000000d6c617b0,0x00000000d9f00000)
  from space 5120K, 99% used [0x00000000d9f00000,0x00000000da3f8020,0x00000000da400000)
  to   space 5120K, 0% used [0x00000000da400000,0x00000000da400000,0x00000000da900000)
 ParOldGen       total 87552K, used 12410K [0x0000000081a00000, 0x0000000086f80000, 0x00000000d5e00000)
  object space 87552K, 14% used [0x0000000081a00000,0x000000008261eb38,0x0000000086f80000)
 Metaspace       used 20743K, capacity 21172K, committed 21296K, reserved 1069056K
  class space    used 2526K, capacity 2671K, committed 2688K, reserved 1048576K
Event: 3.115 GC heap after
Heap after GC invocations=6 (full 0):
 PSYoungGen      total 71680K, used 5104K [0x00000000d5e00000, 0x00000000da900000, 0x0000000100000000)
  eden space 66560K, 0% used [0x00000000d5e00000,0x00000000d5e00000,0x00000000d9f00000)
  from space 5120K, 99% used [0x00000000da400000,0x00000000da8fc030,0x00000000da900000)
  to   space 5120K, 0% used [0x00000000d9f00000,0x00000000d9f00000,0x00000000da400000)
 ParOldGen       total 87552K, used 13904K [0x0000000081a00000, 0x0000000086f80000, 0x00000000d5e00000)
  object space 87552K, 15% used [0x0000000081a00000,0x0000000082794178,0x0000000086f80000)
 Metaspace       used 20743K, capacity 21172K, committed 21296K, reserved 1069056K
  class space    used 2526K, capacity 2671K, committed 2688K, reserved 1048576K
}
Event: 3.115 GC heap before
{Heap before GC invocations=7 (full 1):
 PSYoungGen      total 71680K, used 5104K [0x00000000d5e00000, 0x00000000da900000, 0x0000000100000000)
  eden space 66560K, 0% used [0x00000000d5e00000,0x00000000d5e00000,0x00000000d9f00000)
  from space 5120K, 99% used [0x00000000da400000,0x00000000da8fc030,0x00000000da900000)
  to   space 5120K, 0% used [0x00000000d9f00000,0x00000000d9f00000,0x00000000da400000)
 ParOldGen       total 87552K, used 13904K [0x0000000081a00000, 0x0000000086f80000, 0x00000000d5e00000)
  object space 87552K, 15% used [0x0000000081a00000,0x0000000082794178,0x0000000086f80000)
 Metaspace       used 20743K, capacity 21172K, committed 21296K, reserved 1069056K
  class space    used 2526K, capacity 2671K, committed 2688K, reserved 1048576K
Event: 3.162 GC heap after
Heap after GC invocations=7 (full 1):
 PSYoungGen      total 71680K, used 0K [0x00000000d5e00000, 0x00000000da900000, 0x0000000100000000)
  eden space 66560K, 0% used [0x00000000d5e00000,0x00000000d5e00000,0x00000000d9f00000)
  from space 5120K, 0% used [0x00000000da400000,0x00000000da400000,0x00000000da900000)
  to   space 5120K, 0% used [0x00000000d9f00000,0x00000000d9f00000,0x00000000da400000)
 ParOldGen       total 64000K, used 11171K [0x0000000081a00000, 0x0000000085880000, 0x00000000d5e00000)
  object space 64000K, 17% used [0x0000000081a00000,0x00000000824e8e78,0x0000000085880000)
 Metaspace       used 20743K, capacity 21172K, committed 21296K, reserved 1069056K
  class space    used 2526K, capacity 2671K, committed 2688K, reserved 1048576K
}
Event: 4.296 GC heap before
{Heap before GC invocations=8 (full 1):
 PSYoungGen      total 71680K, used 66560K [0x00000000d5e00000, 0x00000000da900000, 0x0000000100000000)
  eden space 66560K, 100% used [0x00000000d5e00000,0x00000000d9f00000,0x00000000d9f00000)
  from space 5120K, 0% used [0x00000000da400000,0x00000000da400000,0x00000000da900000)
  to   space 5120K, 0% used [0x00000000d9f00000,0x00000000d9f00000,0x00000000da400000)
 ParOldGen       total 64000K, used 11171K [0x0000000081a00000, 0x0000000085880000, 0x00000000d5e00000)
  object space 64000K, 17% used [0x0000000081a00000,0x00000000824e8e78,0x0000000085880000)
 Metaspace       used 26518K, capacity 27158K, committed 27264K, reserved 1073152K
  class space    used 3190K, capacity 3375K, committed 3456K, reserved 1048576K
Event: 4.306 GC heap after
Heap after GC invocations=8 (full 1):
 PSYoungGen      total 71680K, used 5101K [0x00000000d5e00000, 0x00000000dd900000, 0x0000000100000000)
  eden space 66560K, 0% used [0x00000000d5e00000,0x00000000d5e00000,0x00000000d9f00000)
  from space 5120K, 99% used [0x00000000d9f00000,0x00000000da3fb6c0,0x00000000da400000)
  to   space 11776K, 0% used [0x00000000dcd80000,0x00000000dcd80000,0x00000000dd900000)
 ParOldGen       total 64000K, used 17271K [0x0000000081a00000, 0x0000000085880000, 0x00000000d5e00000)
  object space 64000K, 26% used [0x0000000081a00000,0x0000000082adde80,0x0000000085880000)
 Metaspace       used 26518K, capacity 27158K, committed 27264K, reserved 1073152K
  class space    used 3190K, capacity 3375K, committed 3456K, reserved 1048576K
}

Deoptimization events (10 events):
Event: 3.923 Thread 0x00000000028a2800 Uncommon trap: reason=unstable_if action=reinterpret pc=0x0000000002d051f4 method=java.util.concurrent.ConcurrentHashMap.putVal(Ljava/lang/Object;Ljava/lang/Object;Z)Ljava/lang/Object; @ 206
Event: 4.068 Thread 0x00000000028a2800 Uncommon trap: reason=bimorphic action=maybe_recompile pc=0x0000000003861768 method=java.util.regex.Pattern$Slice.match(Ljava/util/regex/Matcher;ILjava/lang/CharSequence;)Z @ 75
Event: 4.068 Thread 0x00000000028a2800 Uncommon trap: reason=unstable_if action=reinterpret pc=0x00000000038612b8 method=java.util.regex.Matcher.search(I)Z @ 30
Event: 4.068 Thread 0x00000000028a2800 Uncommon trap: reason=class_check action=maybe_recompile pc=0x0000000002f909f8 method=java.util.regex.Pattern$7.isSatisfiedBy(I)Z @ 16
Event: 4.068 Thread 0x00000000028a2800 Uncommon trap: reason=class_check action=maybe_recompile pc=0x0000000002f909f8 method=java.util.regex.Pattern$7.isSatisfiedBy(I)Z @ 16
Event: 4.068 Thread 0x00000000028a2800 Uncommon trap: reason=class_check action=maybe_recompile pc=0x0000000002f909f8 method=java.util.regex.Pattern$7.isSatisfiedBy(I)Z @ 16
Event: 4.068 Thread 0x00000000028a2800 Uncommon trap: reason=class_check action=maybe_recompile pc=0x0000000002f909f8 method=java.util.regex.Pattern$7.isSatisfiedBy(I)Z @ 16
Event: 4.245 Thread 0x00000000028a2800 Uncommon trap: reason=unstable_if action=reinterpret pc=0x00000000033a0c6c method=org.codehaus.plexus.classworlds.realm.Entry.matches(Ljava/lang/String;)Z @ 20
Event: 4.265 Thread 0x00000000028a2800 Uncommon trap: reason=unstable_if action=reinterpret pc=0x000000000330f1a0 method=java.util.Properties$LineReader.readLine()I @ 246
Event: 4.307 Thread 0x00000000028a2800 Uncommon trap: reason=unstable_if action=reinterpret pc=0x0000000003747150 method=java.util.concurrent.ConcurrentHashMap.get(Ljava/lang/Object;)Ljava/lang/Object; @ 76

Classes redefined (0 events):
No events

Internal exceptions (10 events):
Event: 1.520 Thread 0x00000000028a2800 Implicit null exception at 0x0000000002d64415 to 0x0000000002d645e5
Event: 1.521 Thread 0x00000000028a2800 Implicit null exception at 0x0000000002ca232f to 0x0000000002ca2399
Event: 2.496 Thread 0x00000000028a2800 Exception <a 'java/lang/NoClassDefFoundError': org/sonatype/aether/graph/Dependency> (0x00000000d865c018) thrown at [C:\ade\jenkins\workspace\8-2-build-windows-amd64-cygwin\jdk8u241\331\hotspot\src\share\vm\classfile\systemDictionary.cpp, line 199]
Event: 2.548 Thread 0x00000000028a2800 Exception <a 'java/lang/NoClassDefFoundError': org/codehaus/plexus/util/interpolation/ValueSource> (0x00000000d89f27f8) thrown at [C:\ade\jenkins\workspace\8-2-build-windows-amd64-cygwin\jdk8u241\331\hotspot\src\share\vm\classfile\systemDictionary.cpp, li
Event: 2.981 Thread 0x00000000028a2800 Exception <a 'java/lang/ClassNotFoundException': com/sun/tools/javac/api/JavacTool> (0x00000000d658cfe0) thrown at [C:\ade\jenkins\workspace\8-2-build-windows-amd64-cygwin\jdk8u241\331\hotspot\src\share\vm\classfile\systemDictionary.cpp, line 210]
Event: 3.394 Thread 0x00000000028a2800 Exception <a 'java/io/FileNotFoundException'> (0x00000000d6a6c298) thrown at [C:\ade\jenkins\workspace\8-2-build-windows-amd64-cygwin\jdk8u241\331\hotspot\src\share\vm\prims\jni.cpp, line 710]
Event: 3.396 Thread 0x00000000028a2800 Exception <a 'java/io/FileNotFoundException'> (0x00000000d6aa1cd8) thrown at [C:\ade\jenkins\workspace\8-2-build-windows-amd64-cygwin\jdk8u241\331\hotspot\src\share\vm\prims\jni.cpp, line 710]
Event: 4.265 Thread 0x00000000028a2800 Exception <a 'java/io/FileNotFoundException'> (0x00000000d9d01650) thrown at [C:\ade\jenkins\workspace\8-2-build-windows-amd64-cygwin\jdk8u241\331\hotspot\src\share\vm\prims\jni.cpp, line 710]
Event: 4.314 Thread 0x00000000028a2800 Exception <a 'java/lang/NoSuchFieldError': method resolution failed> (0x00000000d5e18ba0) thrown at [C:\ade\jenkins\workspace\8-2-build-windows-amd64-cygwin\jdk8u241\331\hotspot\src\share\vm\prims\methodHandles.cpp, line 1167]
Event: 4.316 Thread 0x00000000028a2800 Exception <a 'java/lang/NoSuchFieldError': method resolution failed> (0x00000000d5e26630) thrown at [C:\ade\jenkins\workspace\8-2-build-windows-amd64-cygwin\jdk8u241\331\hotspot\src\share\vm\prims\methodHandles.cpp, line 1167]

Events (10 events):
Event: 4.544 loading class org/codehaus/plexus/archiver/jar/Manifest$Section
Event: 4.544 loading class org/codehaus/plexus/archiver/jar/Manifest$Section done
Event: 4.544 loading class org/codehaus/plexus/archiver/jar/Manifest$Section
Event: 4.544 loading class org/codehaus/plexus/archiver/jar/Manifest$Section done
Event: 4.545 loading class java/util/Vector$Itr
Event: 4.545 loading class java/util/Vector$Itr done
Event: 4.546 loading class org/codehaus/plexus/archiver/AbstractArchiver$1
Event: 4.546 loading class org/codehaus/plexus/archiver/AbstractArchiver$1 done
Event: 4.546 loading class org/codehaus/plexus/archiver/AbstractArchiver$1
Event: 4.546 loading class org/codehaus/plexus/archiver/AbstractArchiver$1 done


Dynamic libraries:
0x00007ff66e570000 - 0x00007ff66e5a7000 	C:\Program Files\Java\jdk1.8.0_241\bin\java.exe
0x00007ffa449d0000 - 0x00007ffa44bc5000 	C:\WINDOWS\SYSTEM32\ntdll.dll
0x00007ffa44830000 - 0x00007ffa448ee000 	C:\WINDOWS\System32\KERNEL32.DLL
0x00007ffa42640000 - 0x00007ffa42908000 	C:\WINDOWS\System32\KERNELBASE.dll
0x00007ffa43d90000 - 0x00007ffa43e3c000 	C:\WINDOWS\System32\ADVAPI32.dll
0x00007ffa44790000 - 0x00007ffa4482e000 	C:\WINDOWS\System32\msvcrt.dll
0x00007ffa448f0000 - 0x00007ffa4498b000 	C:\WINDOWS\System32\sechost.dll
0x00007ffa43bb0000 - 0x00007ffa43cda000 	C:\WINDOWS\System32\RPCRT4.dll
0x00007ffa43120000 - 0x00007ffa432c1000 	C:\WINDOWS\System32\USER32.dll
0x00007ffa421c0000 - 0x00007ffa421e2000 	C:\WINDOWS\System32\win32u.dll
0x00007ffa42a10000 - 0x00007ffa42a3b000 	C:\WINDOWS\System32\GDI32.dll
0x00007ffa42450000 - 0x00007ffa4255d000 	C:\WINDOWS\System32\gdi32full.dll
0x00007ffa423b0000 - 0x00007ffa4244d000 	C:\WINDOWS\System32\msvcp_win.dll
0x00007ffa42910000 - 0x00007ffa42a10000 	C:\WINDOWS\System32\ucrtbase.dll
0x00007ffa382b0000 - 0x00007ffa3854a000 	C:\WINDOWS\WinSxS\amd64_microsoft.windows.common-controls_6595b64144ccf1df_6.0.19041.1110_none_60b5254171f9507e\COMCTL32.dll
0x00007ffa43080000 - 0x00007ffa430b0000 	C:\WINDOWS\System32\IMM32.DLL
0x00000000711e0000 - 0x00000000712b2000 	C:\Program Files\Java\jdk1.8.0_241\jre\bin\msvcr100.dll
0x00000000712c0000 - 0x0000000071b6c000 	C:\Program Files\Java\jdk1.8.0_241\jre\bin\server\jvm.dll
0x00007ffa43110000 - 0x00007ffa43118000 	C:\WINDOWS\System32\PSAPI.DLL
0x00007ffa3bda0000 - 0x00007ffa3bdaa000 	C:\WINDOWS\SYSTEM32\VERSION.dll
0x00007ffa40850000 - 0x00007ffa40859000 	C:\WINDOWS\SYSTEM32\WSOCK32.dll
0x00007ffa37e90000 - 0x00007ffa37eb7000 	C:\WINDOWS\SYSTEM32\WINMM.dll
0x00007ffa442d0000 - 0x00007ffa4433b000 	C:\WINDOWS\System32\WS2_32.dll
0x00007ffa3d170000 - 0x00007ffa3d17f000 	C:\Program Files\Java\jdk1.8.0_241\jre\bin\verify.dll
0x00007ffa38030000 - 0x00007ffa38059000 	C:\Program Files\Java\jdk1.8.0_241\jre\bin\java.dll
0x00007ffa3a4e0000 - 0x00007ffa3a4f6000 	C:\Program Files\Java\jdk1.8.0_241\jre\bin\zip.dll
0x00007ffa433b0000 - 0x00007ffa43af4000 	C:\WINDOWS\System32\SHELL32.dll
0x00007ffa40080000 - 0x00007ffa40814000 	C:\WINDOWS\SYSTEM32\windows.storage.dll
0x00007ffa42a40000 - 0x00007ffa42d95000 	C:\WINDOWS\System32\combase.dll
0x00007ffa41b30000 - 0x00007ffa41b5e000 	C:\WINDOWS\SYSTEM32\Wldp.dll
0x00007ffa43ce0000 - 0x00007ffa43d8d000 	C:\WINDOWS\System32\SHCORE.dll
0x00007ffa44340000 - 0x00007ffa44395000 	C:\WINDOWS\System32\shlwapi.dll
0x00007ffa42020000 - 0x00007ffa4203f000 	C:\WINDOWS\SYSTEM32\profapi.dll
0x0000000069ac0000 - 0x0000000069ae4000 	D:\maven\apache-maven-3.8.3\lib\jansi-native\Windows\x86_64\jansi.dll
0x00007ffa32880000 - 0x00007ffa3289a000 	C:\Program Files\Java\jdk1.8.0_241\jre\bin\net.dll
0x00007ffa41890000 - 0x00007ffa418fa000 	C:\WINDOWS\system32\mswsock.dll
0x00007ffa32860000 - 0x00007ffa32872000 	C:\Program Files\Java\jdk1.8.0_241\jre\bin\nio.dll
0x00007ff9ff3f0000 - 0x00007ff9ff58a000 	C:\Program Files\Java\jdk1.8.0_241\jre\bin\awt.dll
0x00007ffa42fb0000 - 0x00007ffa4307d000 	C:\WINDOWS\System32\OLEAUT32.dll
0x00007ffa3f600000 - 0x00007ffa3f690000 	C:\WINDOWS\SYSTEM32\apphelp.dll

VM Arguments:
jvm_args: -Dclassworlds.conf=D:\maven\apache-maven-3.8.3\bin\m2.conf -Dmaven.home=D:\maven\apache-maven-3.8.3 -Dlibrary.jansi.path=D:\maven\apache-maven-3.8.3\lib\jansi-native -Dmaven.multiModuleProjectDirectory=C:\Users\Rori\Documents\NetBeansProjects\ParkingLot 
java_command: org.codehaus.plexus.classworlds.launcher.Launcher -Dmaven.ext.class.path=C:\Program Files\NetBeans-12.5\netbeans\java\maven-nblib\netbeans-eventspy.jar -Dfile.encoding=UTF-8 clean install
java_class_path (initial): D:\maven\apache-maven-3.8.3\boot\plexus-classworlds-2.6.0.jar
Launcher Type: SUN_STANDARD

Environment Variables:
JAVA_HOME=C:\Program Files\Java\jdk1.8.0_241
PATH=C:\Python310\Scripts\;C:\Python310\;C:\Program Files (x86)\Embarcadero\Studio\21.0\bin;C:\Users\Public\Documents\Embarcadero\Studio\21.0\Bpl;C:\Program Files (x86)\Embarcadero\Studio\21.0\bin64;C:\Users\Public\Documents\Embarcadero\Studio\21.0\Bpl\Win64;C:\PROGRA~2\Borland\CBUILD~1\Bin;C:\PROGRA~2\Borland\CBUILD~1\Projects\Bpl;C:\Program Files (x86)\Embarcadero\Studio\20.0\bin;C:\Users\Public\Documents\Embarcadero\Studio\20.0\Bpl;C:\Program Files (x86)\Embarcadero\Studio\20.0\bin64;C:\Users\Public\Documents\Embarcadero\Studio\20.0\Bpl\Win64;C:\Program Files (x86)\Common Files\Oracle\Java\javapath;C:\Windows\system32;C:\Windows;C:\Windows\System32\Wbem;C:\Windows\System32\WindowsPowerShell\v1.0\;C:\Windows\System32\OpenSSH\;C:\Program Files\dotnet\;C:\Program Files\NVIDIA Corporation\NVIDIA NvDLISR;C:\Program Files (x86)\NVIDIA Corporation\PhysX\Common;C:\Program Files (x86)\Windows Kits\10\Windows Performance Toolkit\;C:\WINDOWS\system32;C:\WINDOWS;C:\WINDOWS\System32\Wbem;C:\WINDOWS\System32\WindowsPowerShell\v1.0\;C:\WINDOWS\System32\OpenSSH\;C:\Program Files (x86)\IVI Foundation\VISA\WinNT\Bin\;C:\Program Files\IVI Foundation\VISA\Win64\Bin\;C:\Program Files (x86)\IVI Foundation\VISA\WinNT\Bin;C:\Program Files (x86)\Microsoft SQL Server\90\Tools\binn\;C:\Program Files\nodejs\;C:\ProgramData\chocolatey\bin;C:\Users\Rori\.cargo\bin;C:\Users\Rori\AppData\Local\Programs\AdoptOpenJDK\jdk-11.0.8.10-hotspot\bin;C:\Users\Rori\AppData\Local\Microsoft\WindowsApps;C:\Users\Rori\AppData\Local\Programs\Microsoft VS Code\bin;C:\Users\Rori\AppData\Local\GitHubDesktop\bin;C:\Users\Rori\Desktop\php-8.0.3-Win32-vs16-x64;D:\maven\apache-maven-3.8.3\bin;C:\Program Files\Java\jdk1.8.0_202\bin;C:\Users\Rori\.dotnet\tools;C:\Users\Rori\AppData\Roaming\npm
USERNAME=Rori
OS=Windows_NT
PROCESSOR_IDENTIFIER=Intel64 Family 6 Model 94 Stepping 3, GenuineIntel



---------------  S Y S T E M  ---------------

OS: Windows 10.0 , 64 bit Build 19041 (10.0.19041.1348)

CPU:total 8 (initial active 8) (4 cores per cpu, 2 threads per core) family 6 model 94 stepping 3, cmov, cx8, fxsr, mmx, sse, sse2, sse3, ssse3, sse4.1, sse4.2, popcnt, avx, avx2, aes, clmul, erms, rtm, 3dnowpref, lzcnt, ht, tsc, tscinvbit, bmi1, bmi2, adx

Memory: 4k page, physical 8278804k(955436k free), swap 8278804k(5328k free)

vm_info: Java HotSpot(TM) 64-Bit Server VM (25.241-b07) for windows-amd64 JRE (1.8.0_241-b07), built on Dec 11 2019 10:21:40 by "rejava" with MS VC++ 10.0 (VS2010)

time: Sat Dec 25 19:20:34 2021
timezone: GTB Standard Time
elapsed time: 4 seconds (0d 0h 0m 4s)

