#
# There is insufficient memory for the Java Runtime Environment to continue.
# Native memory allocation (malloc) failed to allocate 898256 bytes for Chunk::new
# Possible reasons:
#   The system is out of physical RAM or swap space
#   The process is running with CompressedOops enabled, and the Java Heap may be blocking the growth of the native heap
# Possible solutions:
#   Reduce memory load on the system
#   Increase physical memory or swap space
#   Check if swap backing store is full
#   Decrease Java heap size (-Xmx/-Xms)
#   Decrease number of Java threads
#   Decrease Java thread stack sizes (-Xss)
#   Set larger code cache with -XX:ReservedCodeCacheSize=
#   JVM is running with Unscaled Compressed Oops mode in which the Java heap is
#     placed in the first 4GB address space. The Java Heap base address is the
#     maximum limit for the native heap growth. Please use -XX:HeapBaseMinAddress
#     to set the Java Heap base and to place the Java Heap above 4GB virtual address.
# This output file may be truncated or incomplete.
#
#  Out of Memory Error (allocation.cpp:389), pid=6716, tid=0x0000000000002bd8
#
# JRE version: Java(TM) SE Runtime Environment (8.0_241-b07) (build 1.8.0_241-b07)
# Java VM: Java HotSpot(TM) 64-Bit Server VM (25.241-b07 mixed mode windows-amd64 compressed oops)
# Failed to write core dump. Minidumps are not enabled by default on client versions of Windows
#

---------------  T H R E A D  ---------------

Current thread (0x000000001a085800):  JavaThread "C2 CompilerThread0" daemon [_thread_in_native, id=11224, stack(0x000000001a950000,0x000000001aa50000)]

Stack: [0x000000001a950000,0x000000001aa50000]
[error occurred during error reporting (printing stack bounds), id 0xc0000005]

Native frames: (J=compiled Java code, j=interpreted, Vv=VM code, C=native code)


Current CompileTask:
C2:   4341 2964   !   4       com.google.inject.spi.InjectionPoint::getInjectionPoints (489 bytes)


---------------  P R O C E S S  ---------------

Java Threads: ( => current thread )
  0x000000001a10b000 JavaThread "Service Thread" daemon [_thread_blocked, id=2464, stack(0x000000001ad50000,0x000000001ae50000)]
  0x000000001a095000 JavaThread "C1 CompilerThread3" daemon [_thread_blocked, id=1628, stack(0x000000001ac50000,0x000000001ad50000)]
  0x000000001a08e000 JavaThread "C2 CompilerThread2" daemon [_thread_in_native, id=10476, stack(0x000000001ab50000,0x000000001ac50000)]
  0x000000001a087800 JavaThread "C2 CompilerThread1" daemon [_thread_in_native, id=8996, stack(0x000000001aa50000,0x000000001ab50000)]
=>0x000000001a085800 JavaThread "C2 CompilerThread0" daemon [_thread_in_native, id=11224, stack(0x000000001a950000,0x000000001aa50000)]
  0x000000001a084000 JavaThread "Attach Listener" daemon [_thread_blocked, id=3316, stack(0x000000001a850000,0x000000001a950000)]
  0x000000001a083000 JavaThread "Signal Dispatcher" daemon [_thread_blocked, id=12008, stack(0x000000001a750000,0x000000001a850000)]
  0x000000001827e000 JavaThread "Finalizer" daemon [_thread_blocked, id=4732, stack(0x000000001a550000,0x000000001a650000)]
  0x000000001a070800 JavaThread "Reference Handler" daemon [_thread_blocked, id=7952, stack(0x000000001a450000,0x000000001a550000)]
  0x00000000031f2800 JavaThread "main" [_thread_in_native, id=11204, stack(0x00000000030f0000,0x00000000031f0000)]

Other Threads:
  0x000000001827a000 VMThread [stack: 0x0000000019f50000,0x000000001a050000] [id=3620]
  0x000000001a12d800 WatcherThread [stack: 0x000000001ae50000,0x000000001af50000] [id=2220]

VM state:not at safepoint (normal execution)

VM Mutex/Monitor currently owned by a thread: None

heap address: 0x0000000081a00000, size: 2022 MB, Compressed Oops mode: 32-bit
Narrow klass base: 0x0000000000000000, Narrow klass shift: 3
Compressed class space size: 1073741824 Address: 0x0000000100000000

Heap:
 PSYoungGen      total 71680K, used 6438K [0x00000000d5e00000, 0x00000000df400000, 0x0000000100000000)
  eden space 66560K, 2% used [0x00000000d5e00000,0x00000000d5f4d940,0x00000000d9f00000)
  from space 5120K, 99% used [0x00000000d9f00000,0x00000000da3fc050,0x00000000da400000)
  to   space 10240K, 0% used [0x00000000dea00000,0x00000000dea00000,0x00000000df400000)
 ParOldGen       total 87552K, used 12545K [0x0000000081a00000, 0x0000000086f80000, 0x00000000d5e00000)
  object space 87552K, 14% used [0x0000000081a00000,0x0000000082640430,0x0000000086f80000)
 Metaspace       used 18487K, capacity 18960K, committed 19328K, reserved 1067008K
  class space    used 2209K, capacity 2335K, committed 2432K, reserved 1048576K

Card table byte_map: [0x00000000126b0000,0x0000000012ab0000] byte_map_base: 0x00000000122a3000

Marking Bits: (ParMarkBitMap*) 0x000000006c77be30
 Begin Bits: [0x0000000013560000, 0x00000000154f8000)
 End Bits:   [0x00000000154f8000, 0x0000000017490000)

Polling page: 0x0000000002f90000

CodeCache: size=245760Kb used=11454Kb max_used=11454Kb free=234305Kb
 bounds [0x00000000032f0000, 0x0000000003e30000, 0x00000000122f0000]
 total_blobs=3578 nmethods=3211 adapters=279
 compilation: enabled

Compilation events (10 events):
Event: 4.324 Thread 0x000000001a095000 3218       3       org.eclipse.aether.util.graph.transformer.ConflictMarker::merge (75 bytes)
Event: 4.325 Thread 0x000000001a095000 nmethod 3218 0x0000000003e1e450 code [0x0000000003e1e660, 0x0000000003e1f098]
Event: 4.325 Thread 0x000000001a095000 3220       3       java.util.IdentityHashMap$IdentityHashMapIterator::nextIndex (72 bytes)
Event: 4.325 Thread 0x000000001a095000 nmethod 3220 0x0000000003e1f510 code [0x0000000003e1f6a0, 0x0000000003e1fb08]
Event: 4.326 Thread 0x000000001a095000 3221       3       java.util.IdentityHashMap::unmaskNull (13 bytes)
Event: 4.326 Thread 0x000000001a095000 nmethod 3221 0x0000000003e1fc90 code [0x0000000003e1fde0, 0x0000000003e1ff70]
Event: 4.326 Thread 0x000000001a095000 3216       1       java.util.Collections$EmptyMap::hashCode (2 bytes)
Event: 4.326 Thread 0x000000001a095000 nmethod 3216 0x0000000003e1ffd0 code [0x0000000003e20120, 0x0000000003e20230]
Event: 4.327 Thread 0x000000001a095000 3214       3       org.apache.maven.model.merge.ModelMerger::mergeCiManagement_System (43 bytes)
Event: 4.327 Thread 0x000000001a095000 nmethod 3214 0x0000000003e20290 code [0x0000000003e20420, 0x0000000003e207b8]

GC Heap History (10 events):
Event: 0.801 GC heap before
{Heap before GC invocations=1 (full 0):
 PSYoungGen      total 38400K, used 33280K [0x00000000d5e00000, 0x00000000d8880000, 0x0000000100000000)
  eden space 33280K, 100% used [0x00000000d5e00000,0x00000000d7e80000,0x00000000d7e80000)
  from space 5120K, 0% used [0x00000000d8380000,0x00000000d8380000,0x00000000d8880000)
  to   space 5120K, 0% used [0x00000000d7e80000,0x00000000d7e80000,0x00000000d8380000)
 ParOldGen       total 87552K, used 0K [0x0000000081a00000, 0x0000000086f80000, 0x00000000d5e00000)
  object space 87552K, 0% used [0x0000000081a00000,0x0000000081a00000,0x0000000086f80000)
 Metaspace       used 8466K, capacity 8610K, committed 8832K, reserved 1056768K
  class space    used 1027K, capacity 1081K, committed 1152K, reserved 1048576K
Event: 0.808 GC heap after
Heap after GC invocations=1 (full 0):
 PSYoungGen      total 38400K, used 5098K [0x00000000d5e00000, 0x00000000d8880000, 0x0000000100000000)
  eden space 33280K, 0% used [0x00000000d5e00000,0x00000000d5e00000,0x00000000d7e80000)
  from space 5120K, 99% used [0x00000000d7e80000,0x00000000d837a8d8,0x00000000d8380000)
  to   space 5120K, 0% used [0x00000000d8380000,0x00000000d8380000,0x00000000d8880000)
 ParOldGen       total 87552K, used 684K [0x0000000081a00000, 0x0000000086f80000, 0x00000000d5e00000)
  object space 87552K, 0% used [0x0000000081a00000,0x0000000081aab218,0x0000000086f80000)
 Metaspace       used 8466K, capacity 8610K, committed 8832K, reserved 1056768K
  class space    used 1027K, capacity 1081K, committed 1152K, reserved 1048576K
}
Event: 1.346 GC heap before
{Heap before GC invocations=2 (full 0):
 PSYoungGen      total 38400K, used 38378K [0x00000000d5e00000, 0x00000000d8880000, 0x0000000100000000)
  eden space 33280K, 100% used [0x00000000d5e00000,0x00000000d7e80000,0x00000000d7e80000)
  from space 5120K, 99% used [0x00000000d7e80000,0x00000000d837a8d8,0x00000000d8380000)
  to   space 5120K, 0% used [0x00000000d8380000,0x00000000d8380000,0x00000000d8880000)
 ParOldGen       total 87552K, used 684K [0x0000000081a00000, 0x0000000086f80000, 0x00000000d5e00000)
  object space 87552K, 0% used [0x0000000081a00000,0x0000000081aab218,0x0000000086f80000)
 Metaspace       used 11949K, capacity 12098K, committed 12416K, reserved 1060864K
  class space    used 1495K, capacity 1576K, committed 1664K, reserved 1048576K
Event: 1.356 GC heap after
Heap after GC invocations=2 (full 0):
 PSYoungGen      total 38400K, used 5105K [0x00000000d5e00000, 0x00000000da900000, 0x0000000100000000)
  eden space 33280K, 0% used [0x00000000d5e00000,0x00000000d5e00000,0x00000000d7e80000)
  from space 5120K, 99% used [0x00000000d8380000,0x00000000d887c738,0x00000000d8880000)
  to   space 5120K, 0% used [0x00000000d7e80000,0x00000000d7e80000,0x00000000d8380000)
 ParOldGen       total 87552K, used 2861K [0x0000000081a00000, 0x0000000086f80000, 0x00000000d5e00000)
  object space 87552K, 3% used [0x0000000081a00000,0x0000000081ccb6e0,0x0000000086f80000)
 Metaspace       used 11949K, capacity 12098K, committed 12416K, reserved 1060864K
  class space    used 1495K, capacity 1576K, committed 1664K, reserved 1048576K
}
Event: 2.211 GC heap before
{Heap before GC invocations=3 (full 0):
 PSYoungGen      total 38400K, used 38385K [0x00000000d5e00000, 0x00000000da900000, 0x0000000100000000)
  eden space 33280K, 100% used [0x00000000d5e00000,0x00000000d7e80000,0x00000000d7e80000)
  from space 5120K, 99% used [0x00000000d8380000,0x00000000d887c738,0x00000000d8880000)
  to   space 5120K, 0% used [0x00000000d7e80000,0x00000000d7e80000,0x00000000d8380000)
 ParOldGen       total 87552K, used 2861K [0x0000000081a00000, 0x0000000086f80000, 0x00000000d5e00000)
  object space 87552K, 3% used [0x0000000081a00000,0x0000000081ccb6e0,0x0000000086f80000)
 Metaspace       used 15124K, capacity 15338K, committed 15488K, reserved 1062912K
  class space    used 1846K, capacity 1918K, committed 1920K, reserved 1048576K
Event: 2.221 GC heap after
Heap after GC invocations=3 (full 0):
 PSYoungGen      total 38400K, used 5104K [0x00000000d5e00000, 0x00000000da900000, 0x0000000100000000)
  eden space 33280K, 0% used [0x00000000d5e00000,0x00000000d5e00000,0x00000000d7e80000)
  from space 5120K, 99% used [0x00000000d7e80000,0x00000000d837c050,0x00000000d8380000)
  to   space 5120K, 0% used [0x00000000da400000,0x00000000da400000,0x00000000da900000)
 ParOldGen       total 87552K, used 5637K [0x0000000081a00000, 0x0000000086f80000, 0x00000000d5e00000)
  object space 87552K, 6% used [0x0000000081a00000,0x0000000081f81738,0x0000000086f80000)
 Metaspace       used 15124K, capacity 15338K, committed 15488K, reserved 1062912K
  class space    used 1846K, capacity 1918K, committed 1920K, reserved 1048576K
}
Event: 2.943 GC heap before
{Heap before GC invocations=4 (full 0):
 PSYoungGen      total 38400K, used 38384K [0x00000000d5e00000, 0x00000000da900000, 0x0000000100000000)
  eden space 33280K, 100% used [0x00000000d5e00000,0x00000000d7e80000,0x00000000d7e80000)
  from space 5120K, 99% used [0x00000000d7e80000,0x00000000d837c050,0x00000000d8380000)
  to   space 5120K, 0% used [0x00000000da400000,0x00000000da400000,0x00000000da900000)
 ParOldGen       total 87552K, used 5637K [0x0000000081a00000, 0x0000000086f80000, 0x00000000d5e00000)
  object space 87552K, 6% used [0x0000000081a00000,0x0000000081f81738,0x0000000086f80000)
 Metaspace       used 15983K, capacity 16418K, committed 16640K, reserved 1064960K
  class space    used 1917K, capacity 2022K, committed 2048K, reserved 1048576K
Event: 2.950 GC heap after
Heap after GC invocations=4 (full 0):
 PSYoungGen      total 71680K, used 5104K [0x00000000d5e00000, 0x00000000da900000, 0x0000000100000000)
  eden space 66560K, 0% used [0x00000000d5e00000,0x00000000d5e00000,0x00000000d9f00000)
  from space 5120K, 99% used [0x00000000da400000,0x00000000da8fc030,0x00000000da900000)
  to   space 5120K, 0% used [0x00000000d9f00000,0x00000000d9f00000,0x00000000da400000)
 ParOldGen       total 87552K, used 7556K [0x0000000081a00000, 0x0000000086f80000, 0x00000000d5e00000)
  object space 87552K, 8% used [0x0000000081a00000,0x0000000082161290,0x0000000086f80000)
 Metaspace       used 15983K, capacity 16418K, committed 16640K, reserved 1064960K
  class space    used 1917K, capacity 2022K, committed 2048K, reserved 1048576K
}
Event: 4.255 GC heap before
{Heap before GC invocations=5 (full 0):
 PSYoungGen      total 71680K, used 71664K [0x00000000d5e00000, 0x00000000da900000, 0x0000000100000000)
  eden space 66560K, 100% used [0x00000000d5e00000,0x00000000d9f00000,0x00000000d9f00000)
  from space 5120K, 99% used [0x00000000da400000,0x00000000da8fc030,0x00000000da900000)
  to   space 5120K, 0% used [0x00000000d9f00000,0x00000000d9f00000,0x00000000da400000)
 ParOldGen       total 87552K, used 7556K [0x0000000081a00000, 0x0000000086f80000, 0x00000000d5e00000)
  object space 87552K, 8% used [0x0000000081a00000,0x0000000082161290,0x0000000086f80000)
 Metaspace       used 18478K, capacity 18960K, committed 19328K, reserved 1067008K
  class space    used 2209K, capacity 2335K, committed 2432K, reserved 1048576K
Event: 4.305 GC heap after
Heap after GC invocations=5 (full 0):
 PSYoungGen      total 71680K, used 5104K [0x00000000d5e00000, 0x00000000df400000, 0x0000000100000000)
  eden space 66560K, 0% used [0x00000000d5e00000,0x00000000d5e00000,0x00000000d9f00000)
  from space 5120K, 99% used [0x00000000d9f00000,0x00000000da3fc050,0x00000000da400000)
  to   space 10240K, 0% used [0x00000000dea00000,0x00000000dea00000,0x00000000df400000)
 ParOldGen       total 87552K, used 12545K [0x0000000081a00000, 0x0000000086f80000, 0x00000000d5e00000)
  object space 87552K, 14% used [0x0000000081a00000,0x0000000082640430,0x0000000086f80000)
 Metaspace       used 18478K, capacity 18960K, committed 19328K, reserved 1067008K
  class space    used 2209K, capacity 2335K, committed 2432K, reserved 1048576K
}

Deoptimization events (10 events):
Event: 3.414 Thread 0x00000000031f2800 Uncommon trap: reason=predicate action=maybe_recompile pc=0x0000000003cbe008 method=java.util.TimSort.binarySort([Ljava/lang/Object;IIILjava/util/Comparator;)V @ 37
Event: 3.427 Thread 0x00000000031f2800 Uncommon trap: reason=array_check action=maybe_recompile pc=0x0000000003cc4ccc method=java.util.TimSort.binarySort([Ljava/lang/Object;IIILjava/util/Comparator;)V @ 193
Event: 3.428 Thread 0x00000000031f2800 Uncommon trap: reason=array_check action=maybe_recompile pc=0x0000000003cc4ccc method=java.util.TimSort.binarySort([Ljava/lang/Object;IIILjava/util/Comparator;)V @ 193
Event: 3.428 Thread 0x00000000031f2800 Uncommon trap: reason=array_check action=maybe_recompile pc=0x0000000003cc4ccc method=java.util.TimSort.binarySort([Ljava/lang/Object;IIILjava/util/Comparator;)V @ 193
Event: 3.428 Thread 0x00000000031f2800 Uncommon trap: reason=array_check action=maybe_recompile pc=0x0000000003cc4d94 method=java.util.TimSort.binarySort([Ljava/lang/Object;IIILjava/util/Comparator;)V @ 183
Event: 3.429 Thread 0x00000000031f2800 Uncommon trap: reason=array_check action=maybe_recompile pc=0x0000000003cc4ccc method=java.util.TimSort.binarySort([Ljava/lang/Object;IIILjava/util/Comparator;)V @ 193
Event: 3.456 Thread 0x00000000031f2800 Uncommon trap: reason=array_check action=maybe_recompile pc=0x0000000003cd5224 method=java.util.TimSort.binarySort([Ljava/lang/Object;IIILjava/util/Comparator;)V @ 215
Event: 3.456 Thread 0x00000000031f2800 Uncommon trap: reason=array_check action=maybe_recompile pc=0x0000000003cd5224 method=java.util.TimSort.binarySort([Ljava/lang/Object;IIILjava/util/Comparator;)V @ 215
Event: 3.528 Thread 0x00000000031f2800 Uncommon trap: reason=unstable_if action=reinterpret pc=0x0000000003cd25b8 method=org.codehaus.plexus.classworlds.realm.Entry.matches(Ljava/lang/String;)Z @ 150
Event: 3.675 Thread 0x00000000031f2800 Uncommon trap: reason=unstable_if action=reinterpret pc=0x0000000003c531a0 method=java.util.Hashtable.entrySet()Ljava/util/Set; @ 4

Classes redefined (0 events):
No events

Internal exceptions (10 events):
Event: 1.677 Thread 0x00000000031f2800 Exception <a 'java/lang/NullPointerException'> (0x00000000d6a412d0) thrown at [C:\ade\jenkins\workspace\8-2-build-windows-amd64-cygwin\jdk8u241\331\hotspot\src\share\vm\interpreter\linkResolver.cpp, line 1185]
Event: 1.677 Thread 0x00000000031f2800 Exception <a 'java/lang/NullPointerException'> (0x00000000d6a414d8) thrown at [C:\ade\jenkins\workspace\8-2-build-windows-amd64-cygwin\jdk8u241\331\hotspot\src\share\vm\interpreter\linkResolver.cpp, line 1185]
Event: 1.677 Thread 0x00000000031f2800 Exception <a 'java/lang/NullPointerException'> (0x00000000d6a489f8) thrown at [C:\ade\jenkins\workspace\8-2-build-windows-amd64-cygwin\jdk8u241\331\hotspot\src\share\vm\interpreter\linkResolver.cpp, line 1185]
Event: 1.677 Thread 0x00000000031f2800 Exception <a 'java/lang/NullPointerException'> (0x00000000d6a48c00) thrown at [C:\ade\jenkins\workspace\8-2-build-windows-amd64-cygwin\jdk8u241\331\hotspot\src\share\vm\interpreter\linkResolver.cpp, line 1185]
Event: 1.677 Thread 0x00000000031f2800 Exception <a 'java/lang/NullPointerException'> (0x00000000d6a48e08) thrown at [C:\ade\jenkins\workspace\8-2-build-windows-amd64-cygwin\jdk8u241\331\hotspot\src\share\vm\interpreter\linkResolver.cpp, line 1185]
Event: 2.124 Thread 0x00000000031f2800 Implicit null exception at 0x000000000391cfd8 to 0x000000000391e26d
Event: 2.236 Thread 0x00000000031f2800 Implicit null exception at 0x00000000036cbf15 to 0x00000000036cc0e5
Event: 2.239 Thread 0x00000000031f2800 Implicit null exception at 0x00000000035fda6f to 0x00000000035fdad9
Event: 3.607 Thread 0x00000000031f2800 Exception <a 'java/lang/NoClassDefFoundError': org/codehaus/plexus/util/interpolation/ValueSource> (0x00000000d87cf3f8) thrown at [C:\ade\jenkins\workspace\8-2-build-windows-amd64-cygwin\jdk8u241\331\hotspot\src\share\vm\classfile\systemDictionary.cpp, li
Event: 3.634 Thread 0x00000000031f2800 Exception <a 'java/lang/NoClassDefFoundError': org/sonatype/aether/graph/DependencyNode> (0x00000000d88e8000) thrown at [C:\ade\jenkins\workspace\8-2-build-windows-amd64-cygwin\jdk8u241\331\hotspot\src\share\vm\classfile\systemDictionary.cpp, line 199]

Events (10 events):
Event: 4.310 Executing VM operation: RevokeBias
Event: 4.310 Executing VM operation: RevokeBias done
Event: 4.310 Executing VM operation: RevokeBias
Event: 4.310 Executing VM operation: RevokeBias done
Event: 4.310 Executing VM operation: RevokeBias
Event: 4.310 Executing VM operation: RevokeBias done
Event: 4.310 Executing VM operation: RevokeBias
Event: 4.310 Executing VM operation: RevokeBias done
Event: 4.310 Executing VM operation: BulkRevokeBias
Event: 4.310 Executing VM operation: BulkRevokeBias done


Dynamic libraries:
0x00007ff7e0f60000 - 0x00007ff7e0f97000 	C:\Program Files\Java\jdk1.8.0_241\bin\java.exe
0x00007ffb8d570000 - 0x00007ffb8d765000 	C:\WINDOWS\SYSTEM32\ntdll.dll
0x00007ffb8c060000 - 0x00007ffb8c11e000 	C:\WINDOWS\System32\KERNEL32.DLL
0x00007ffb8b050000 - 0x00007ffb8b318000 	C:\WINDOWS\System32\KERNELBASE.dll
0x00007ffb8d050000 - 0x00007ffb8d0fc000 	C:\WINDOWS\System32\ADVAPI32.dll
0x00007ffb8d490000 - 0x00007ffb8d52e000 	C:\WINDOWS\System32\msvcrt.dll
0x00007ffb8b990000 - 0x00007ffb8ba2b000 	C:\WINDOWS\System32\sechost.dll
0x00007ffb8d300000 - 0x00007ffb8d42a000 	C:\WINDOWS\System32\RPCRT4.dll
0x00007ffb8c120000 - 0x00007ffb8c2c1000 	C:\WINDOWS\System32\USER32.dll
0x00007ffb8ac90000 - 0x00007ffb8acb2000 	C:\WINDOWS\System32\win32u.dll
0x00007ffb8d200000 - 0x00007ffb8d22b000 	C:\WINDOWS\System32\GDI32.dll
0x00007ffb8b320000 - 0x00007ffb8b42b000 	C:\WINDOWS\System32\gdi32full.dll
0x00007ffb8ae20000 - 0x00007ffb8aebd000 	C:\WINDOWS\System32\msvcp_win.dll
0x00007ffb8b4c0000 - 0x00007ffb8b5c0000 	C:\WINDOWS\System32\ucrtbase.dll
0x00007ffb79750000 - 0x00007ffb799ea000 	C:\WINDOWS\WinSxS\amd64_microsoft.windows.common-controls_6595b64144ccf1df_6.0.19041.1110_none_60b5254171f9507e\COMCTL32.dll
0x00007ffb8d1d0000 - 0x00007ffb8d200000 	C:\WINDOWS\System32\IMM32.DLL
0x000000006ceb0000 - 0x000000006cf82000 	C:\Program Files\Java\jdk1.8.0_241\jre\bin\msvcr100.dll
0x000000006bf50000 - 0x000000006c7fc000 	C:\Program Files\Java\jdk1.8.0_241\jre\bin\server\jvm.dll
0x00007ffb8c2d0000 - 0x00007ffb8c2d8000 	C:\WINDOWS\System32\PSAPI.DLL
0x00007ffb79cc0000 - 0x00007ffb79ce7000 	C:\WINDOWS\SYSTEM32\WINMM.dll
0x00007ffb827b0000 - 0x00007ffb827ba000 	C:\WINDOWS\SYSTEM32\VERSION.dll
0x00007ffb88c60000 - 0x00007ffb88c69000 	C:\WINDOWS\SYSTEM32\WSOCK32.dll
0x00007ffb8d290000 - 0x00007ffb8d2fb000 	C:\WINDOWS\System32\WS2_32.dll
0x00007ffb85e30000 - 0x00007ffb85e3f000 	C:\Program Files\Java\jdk1.8.0_241\jre\bin\verify.dll
0x00007ffb84ef0000 - 0x00007ffb84f19000 	C:\Program Files\Java\jdk1.8.0_241\jre\bin\java.dll
0x00007ffb84e80000 - 0x00007ffb84e96000 	C:\Program Files\Java\jdk1.8.0_241\jre\bin\zip.dll
0x00007ffb8c780000 - 0x00007ffb8cebf000 	C:\WINDOWS\System32\SHELL32.dll
0x00007ffb88d70000 - 0x00007ffb89500000 	C:\WINDOWS\SYSTEM32\windows.storage.dll
0x00007ffb8c360000 - 0x00007ffb8c6b5000 	C:\WINDOWS\System32\combase.dll
0x00007ffb8a6e0000 - 0x00007ffb8a70e000 	C:\WINDOWS\SYSTEM32\Wldp.dll
0x00007ffb8bfb0000 - 0x00007ffb8c05d000 	C:\WINDOWS\System32\SHCORE.dll
0x00007ffb8b780000 - 0x00007ffb8b7d5000 	C:\WINDOWS\System32\shlwapi.dll
0x00007ffb8abd0000 - 0x00007ffb8abef000 	C:\WINDOWS\SYSTEM32\profapi.dll
0x0000000069ac0000 - 0x0000000069ae4000 	D:\maven\apache-maven-3.8.3\lib\jansi-native\Windows\x86_64\jansi.dll
0x00007ffb84e20000 - 0x00007ffb84e3a000 	C:\Program Files\Java\jdk1.8.0_241\jre\bin\net.dll
0x00007ffb8a440000 - 0x00007ffb8a4aa000 	C:\WINDOWS\system32\mswsock.dll
0x00007ffb84dd0000 - 0x00007ffb84de2000 	C:\Program Files\Java\jdk1.8.0_241\jre\bin\nio.dll

VM Arguments:
jvm_args: -Dclassworlds.conf=D:\maven\apache-maven-3.8.3\bin\m2.conf -Dmaven.home=D:\maven\apache-maven-3.8.3 -Dlibrary.jansi.path=D:\maven\apache-maven-3.8.3\lib\jansi-native -Dmaven.multiModuleProjectDirectory=C:\Users\Rori\Documents\NetBeansProjects\ParkingLot 
java_command: org.codehaus.plexus.classworlds.launcher.Launcher -Dmaven.ext.class.path=C:\Program Files\NetBeans-12.5\netbeans\java\maven-nblib\netbeans-eventspy.jar -Dfile.encoding=UTF-8 clean install
java_class_path (initial): D:\maven\apache-maven-3.8.3\boot\plexus-classworlds-2.6.0.jar
Launcher Type: SUN_STANDARD

Environment Variables:
JAVA_HOME=C:\Program Files\Java\jdk1.8.0_241
PATH=C:\Python310\Scripts\;C:\Python310\;C:\Program Files (x86)\Embarcadero\Studio\21.0\bin;C:\Users\Public\Documents\Embarcadero\Studio\21.0\Bpl;C:\Program Files (x86)\Embarcadero\Studio\21.0\bin64;C:\Users\Public\Documents\Embarcadero\Studio\21.0\Bpl\Win64;C:\PROGRA~2\Borland\CBUILD~1\Bin;C:\PROGRA~2\Borland\CBUILD~1\Projects\Bpl;C:\Program Files (x86)\Embarcadero\Studio\20.0\bin;C:\Users\Public\Documents\Embarcadero\Studio\20.0\Bpl;C:\Program Files (x86)\Embarcadero\Studio\20.0\bin64;C:\Users\Public\Documents\Embarcadero\Studio\20.0\Bpl\Win64;C:\Program Files (x86)\Common Files\Oracle\Java\javapath;C:\Windows\system32;C:\Windows;C:\Windows\System32\Wbem;C:\Windows\System32\WindowsPowerShell\v1.0\;C:\Windows\System32\OpenSSH\;C:\Program Files\dotnet\;C:\Program Files\NVIDIA Corporation\NVIDIA NvDLISR;C:\Program Files (x86)\NVIDIA Corporation\PhysX\Common;C:\Program Files (x86)\Windows Kits\10\Windows Performance Toolkit\;C:\WINDOWS\system32;C:\WINDOWS;C:\WINDOWS\System32\Wbem;C:\WINDOWS\System32\WindowsPowerShell\v1.0\;C:\WINDOWS\System32\OpenSSH\;C:\Program Files (x86)\IVI Foundation\VISA\WinNT\Bin\;C:\Program Files\IVI Foundation\VISA\Win64\Bin\;C:\Program Files (x86)\IVI Foundation\VISA\WinNT\Bin;C:\Program Files (x86)\Microsoft SQL Server\90\Tools\binn\;C:\Program Files\nodejs\;C:\ProgramData\chocolatey\bin;C:\Users\Rori\.cargo\bin;C:\Users\Rori\AppData\Local\Programs\AdoptOpenJDK\jdk-11.0.8.10-hotspot\bin;C:\Users\Rori\AppData\Local\Microsoft\WindowsApps;C:\Users\Rori\AppData\Local\Programs\Microsoft VS Code\bin;C:\Users\Rori\AppData\Local\GitHubDesktop\bin;C:\Users\Rori\Desktop\php-8.0.3-Win32-vs16-x64;D:\maven\apache-maven-3.8.3\bin;C:\Program Files\Java\jdk1.8.0_202\bin;C:\Users\Rori\.dotnet\tools;C:\Users\Rori\AppData\Roaming\npm
USERNAME=Rori
OS=Windows_NT
PROCESSOR_IDENTIFIER=Intel64 Family 6 Model 94 Stepping 3, GenuineIntel



---------------  S Y S T E M  ---------------

OS: Windows 10.0 , 64 bit Build 19041 (10.0.19041.1348)

CPU:total 8 (initial active 8) (4 cores per cpu, 2 threads per core) family 6 model 94 stepping 3, cmov, cx8, fxsr, mmx, sse, sse2, sse3, ssse3, sse4.1, sse4.2, popcnt, avx, avx2, aes, clmul, erms, rtm, 3dnowpref, lzcnt, ht, tsc, tscinvbit, bmi1, bmi2, adx

Memory: 4k page, physical 8278804k(1296588k free), swap 8278804k(5436k free)

vm_info: Java HotSpot(TM) 64-Bit Server VM (25.241-b07) for windows-amd64 JRE (1.8.0_241-b07), built on Dec 11 2019 10:21:40 by "rejava" with MS VC++ 10.0 (VS2010)

time: Sat Dec 11 22:59:27 2021
timezone: GTB Standard Time
elapsed time: 4 seconds (0d 0h 0m 4s)

