#
# There is insufficient memory for the Java Runtime Environment to continue.
# Native memory allocation (malloc) failed to allocate 618576 bytes for Chunk::new
# Possible reasons:
#   The system is out of physical RAM or swap space
#   The process is running with CompressedOops enabled, and the Java Heap may be blocking the growth of the native heap
# Possible solutions:
#   Reduce memory load on the system
#   Increase physical memory or swap space
#   Check if swap backing store is full
#   Decrease Java heap size (-Xmx/-Xms)
#   Decrease number of Java threads
#   Decrease Java thread stack sizes (-Xss)
#   Set larger code cache with -XX:ReservedCodeCacheSize=
#   JVM is running with Unscaled Compressed Oops mode in which the Java heap is
#     placed in the first 4GB address space. The Java Heap base address is the
#     maximum limit for the native heap growth. Please use -XX:HeapBaseMinAddress
#     to set the Java Heap base and to place the Java Heap above 4GB virtual address.
# This output file may be truncated or incomplete.
#
#  Out of Memory Error (allocation.cpp:389), pid=2936, tid=0x0000000000000f28
#
# JRE version: Java(TM) SE Runtime Environment (8.0_241-b07) (build 1.8.0_241-b07)
# Java VM: Java HotSpot(TM) 64-Bit Server VM (25.241-b07 mixed mode windows-amd64 compressed oops)
# Failed to write core dump. Minidumps are not enabled by default on client versions of Windows
#

---------------  T H R E A D  ---------------

Current thread (0x0000000019adc800):  JavaThread "C2 CompilerThread2" daemon [_thread_in_native, id=3880, stack(0x000000001a5c0000,0x000000001a6c0000)]

Stack: [0x000000001a5c0000,0x000000001a6c0000]
[error occurred during error reporting (printing stack bounds), id 0xc0000005]

Native frames: (J=compiled Java code, j=interpreted, Vv=VM code, C=native code)


Current CompileTask:
C2:   8866 2772   !   4       org.codehaus.plexus.interpolation.StringSearchInterpolator::interpolate (668 bytes)


---------------  P R O C E S S  ---------------

Java Threads: ( => current thread )
  0x0000000019b58800 JavaThread "Service Thread" daemon [_thread_blocked, id=2580, stack(0x000000001a7c0000,0x000000001a8c0000)]
  0x0000000019ae3800 JavaThread "C1 CompilerThread3" daemon [_thread_blocked, id=9008, stack(0x000000001a6c0000,0x000000001a7c0000)]
=>0x0000000019adc800 JavaThread "C2 CompilerThread2" daemon [_thread_in_native, id=3880, stack(0x000000001a5c0000,0x000000001a6c0000)]
  0x0000000019ad7800 JavaThread "C2 CompilerThread1" daemon [_thread_blocked, id=10608, stack(0x000000001a4c0000,0x000000001a5c0000)]
  0x0000000019ad5800 JavaThread "C2 CompilerThread0" daemon [_thread_blocked, id=6628, stack(0x000000001a3c0000,0x000000001a4c0000)]
  0x0000000019ad4000 JavaThread "Attach Listener" daemon [_thread_blocked, id=14184, stack(0x000000001a2c0000,0x000000001a3c0000)]
  0x0000000019ad3000 JavaThread "Signal Dispatcher" daemon [_thread_blocked, id=3452, stack(0x000000001a1c0000,0x000000001a2c0000)]
  0x0000000017cce000 JavaThread "Finalizer" daemon [_thread_blocked, id=10480, stack(0x0000000019fa0000,0x000000001a0a0000)]
  0x0000000019ac0800 JavaThread "Reference Handler" daemon [_thread_blocked, id=9272, stack(0x0000000019ea0000,0x0000000019fa0000)]
  0x0000000002c42800 JavaThread "main" [_thread_in_native, id=12752, stack(0x0000000002b30000,0x0000000002c30000)]

Other Threads:
  0x0000000017cca000 VMThread [stack: 0x00000000199a0000,0x0000000019aa0000] [id=10372]
  0x0000000019b7b000 WatcherThread [stack: 0x000000001a8c0000,0x000000001a9c0000] [id=3060]

VM state:not at safepoint (normal execution)

VM Mutex/Monitor currently owned by a thread: None

heap address: 0x0000000081a00000, size: 2022 MB, Compressed Oops mode: 32-bit
Narrow klass base: 0x0000000000000000, Narrow klass shift: 3
Compressed class space size: 1073741824 Address: 0x0000000100000000

Heap:
 PSYoungGen      total 38400K, used 33787K [0x00000000d5e00000, 0x00000000d8880000, 0x0000000100000000)
  eden space 33280K, 86% used [0x00000000d5e00000,0x00000000d7a06f90,0x00000000d7e80000)
  from space 5120K, 99% used [0x00000000d8380000,0x00000000d8878060,0x00000000d8880000)
  to   space 5120K, 0% used [0x00000000d7e80000,0x00000000d7e80000,0x00000000d8380000)
 ParOldGen       total 87552K, used 7489K [0x0000000081a00000, 0x0000000086f80000, 0x00000000d5e00000)
  object space 87552K, 8% used [0x0000000081a00000,0x00000000821507f8,0x0000000086f80000)
 Metaspace       used 16367K, capacity 16794K, committed 17024K, reserved 1064960K
  class space    used 1941K, capacity 2062K, committed 2176K, reserved 1048576K

Card table byte_map: [0x0000000012100000,0x0000000012500000] byte_map_base: 0x0000000011cf3000

Marking Bits: (ParMarkBitMap*) 0x0000000057dabe30
 Begin Bits: [0x0000000012fb0000, 0x0000000014f48000)
 End Bits:   [0x0000000014f48000, 0x0000000016ee0000)

Polling page: 0x0000000000e70000

CodeCache: size=245760Kb used=9698Kb max_used=9698Kb free=236061Kb
 bounds [0x0000000002d40000, 0x00000000036d0000, 0x0000000011d40000]
 total_blobs=3206 nmethods=2859 adapters=259
 compilation: enabled

Compilation events (10 events):
Event: 8.635 Thread 0x0000000019ae3800 nmethod 2856 0x00000000036b9650 code [0x00000000036b97a0, 0x00000000036b98b0]
Event: 8.635 Thread 0x0000000019ae3800 2857       1       org.eclipse.sisu.plexus.ComponentImpl::description (5 bytes)
Event: 8.635 Thread 0x0000000019ae3800 nmethod 2857 0x00000000036b9390 code [0x00000000036b94e0, 0x00000000036b95f0]
Event: 8.647 Thread 0x0000000019ad7800 nmethod 2847% 0x00000000036bf050 code [0x00000000036bf240, 0x00000000036c0c50]
Event: 8.705 Thread 0x0000000019ae3800 2859   !   3       java.util.jar.Attributes::read (380 bytes)
Event: 8.707 Thread 0x0000000019ae3800 nmethod 2859 0x00000000036baf50 code [0x00000000036bb3a0, 0x00000000036bd948]
Event: 8.779 Thread 0x0000000019ae3800 2860   !   3       java.util.zip.Inflater::end (50 bytes)
Event: 8.780 Thread 0x0000000019ae3800 nmethod 2860 0x00000000036c1c10 code [0x00000000036c1da0, 0x00000000036c2228]
Event: 8.780 Thread 0x0000000019ae3800 2861       3       java.util.zip.ZStreamRef::clear (6 bytes)
Event: 8.780 Thread 0x0000000019ae3800 nmethod 2861 0x00000000036bac10 code [0x00000000036bad60, 0x00000000036baed0]

GC Heap History (8 events):
Event: 2.408 GC heap before
{Heap before GC invocations=1 (full 0):
 PSYoungGen      total 38400K, used 33280K [0x00000000d5e00000, 0x00000000d8880000, 0x0000000100000000)
  eden space 33280K, 100% used [0x00000000d5e00000,0x00000000d7e80000,0x00000000d7e80000)
  from space 5120K, 0% used [0x00000000d8380000,0x00000000d8380000,0x00000000d8880000)
  to   space 5120K, 0% used [0x00000000d7e80000,0x00000000d7e80000,0x00000000d8380000)
 ParOldGen       total 87552K, used 0K [0x0000000081a00000, 0x0000000086f80000, 0x00000000d5e00000)
  object space 87552K, 0% used [0x0000000081a00000,0x0000000081a00000,0x0000000086f80000)
 Metaspace       used 8344K, capacity 8476K, committed 8576K, reserved 1056768K
  class space    used 1013K, capacity 1080K, committed 1152K, reserved 1048576K
Event: 2.413 GC heap after
Heap after GC invocations=1 (full 0):
 PSYoungGen      total 38400K, used 5106K [0x00000000d5e00000, 0x00000000d8880000, 0x0000000100000000)
  eden space 33280K, 0% used [0x00000000d5e00000,0x00000000d5e00000,0x00000000d7e80000)
  from space 5120K, 99% used [0x00000000d7e80000,0x00000000d837c958,0x00000000d8380000)
  to   space 5120K, 0% used [0x00000000d8380000,0x00000000d8380000,0x00000000d8880000)
 ParOldGen       total 87552K, used 640K [0x0000000081a00000, 0x0000000086f80000, 0x00000000d5e00000)
  object space 87552K, 0% used [0x0000000081a00000,0x0000000081aa0128,0x0000000086f80000)
 Metaspace       used 8344K, capacity 8476K, committed 8576K, reserved 1056768K
  class space    used 1013K, capacity 1080K, committed 1152K, reserved 1048576K
}
Event: 2.907 GC heap before
{Heap before GC invocations=2 (full 0):
 PSYoungGen      total 38400K, used 38386K [0x00000000d5e00000, 0x00000000d8880000, 0x0000000100000000)
  eden space 33280K, 100% used [0x00000000d5e00000,0x00000000d7e80000,0x00000000d7e80000)
  from space 5120K, 99% used [0x00000000d7e80000,0x00000000d837c958,0x00000000d8380000)
  to   space 5120K, 0% used [0x00000000d8380000,0x00000000d8380000,0x00000000d8880000)
 ParOldGen       total 87552K, used 640K [0x0000000081a00000, 0x0000000086f80000, 0x00000000d5e00000)
  object space 87552K, 0% used [0x0000000081a00000,0x0000000081aa0128,0x0000000086f80000)
 Metaspace       used 11849K, capacity 12034K, committed 12160K, reserved 1060864K
  class space    used 1478K, capacity 1576K, committed 1664K, reserved 1048576K
Event: 2.914 GC heap after
Heap after GC invocations=2 (full 0):
 PSYoungGen      total 38400K, used 5116K [0x00000000d5e00000, 0x00000000d8880000, 0x0000000100000000)
  eden space 33280K, 0% used [0x00000000d5e00000,0x00000000d5e00000,0x00000000d7e80000)
  from space 5120K, 99% used [0x00000000d8380000,0x00000000d887f1b0,0x00000000d8880000)
  to   space 5120K, 0% used [0x00000000d7e80000,0x00000000d7e80000,0x00000000d8380000)
 ParOldGen       total 87552K, used 2763K [0x0000000081a00000, 0x0000000086f80000, 0x00000000d5e00000)
  object space 87552K, 3% used [0x0000000081a00000,0x0000000081cb2eb0,0x0000000086f80000)
 Metaspace       used 11849K, capacity 12034K, committed 12160K, reserved 1060864K
  class space    used 1478K, capacity 1576K, committed 1664K, reserved 1048576K
}
Event: 3.929 GC heap before
{Heap before GC invocations=3 (full 0):
 PSYoungGen      total 38400K, used 38396K [0x00000000d5e00000, 0x00000000d8880000, 0x0000000100000000)
  eden space 33280K, 100% used [0x00000000d5e00000,0x00000000d7e80000,0x00000000d7e80000)
  from space 5120K, 99% used [0x00000000d8380000,0x00000000d887f1b0,0x00000000d8880000)
  to   space 5120K, 0% used [0x00000000d7e80000,0x00000000d7e80000,0x00000000d8380000)
 ParOldGen       total 87552K, used 2763K [0x0000000081a00000, 0x0000000086f80000, 0x00000000d5e00000)
  object space 87552K, 3% used [0x0000000081a00000,0x0000000081cb2eb0,0x0000000086f80000)
 Metaspace       used 15088K, capacity 15332K, committed 15488K, reserved 1062912K
  class space    used 1843K, capacity 1917K, committed 1920K, reserved 1048576K
Event: 3.936 GC heap after
Heap after GC invocations=3 (full 0):
 PSYoungGen      total 38400K, used 5104K [0x00000000d5e00000, 0x00000000d8880000, 0x0000000100000000)
  eden space 33280K, 0% used [0x00000000d5e00000,0x00000000d5e00000,0x00000000d7e80000)
  from space 5120K, 99% used [0x00000000d7e80000,0x00000000d837c030,0x00000000d8380000)
  to   space 5120K, 0% used [0x00000000d8380000,0x00000000d8380000,0x00000000d8880000)
 ParOldGen       total 87552K, used 5525K [0x0000000081a00000, 0x0000000086f80000, 0x00000000d5e00000)
  object space 87552K, 6% used [0x0000000081a00000,0x0000000081f65698,0x0000000086f80000)
 Metaspace       used 15088K, capacity 15332K, committed 15488K, reserved 1062912K
  class space    used 1843K, capacity 1917K, committed 1920K, reserved 1048576K
}
Event: 6.215 GC heap before
{Heap before GC invocations=4 (full 0):
 PSYoungGen      total 38400K, used 38384K [0x00000000d5e00000, 0x00000000d8880000, 0x0000000100000000)
  eden space 33280K, 100% used [0x00000000d5e00000,0x00000000d7e80000,0x00000000d7e80000)
  from space 5120K, 99% used [0x00000000d7e80000,0x00000000d837c030,0x00000000d8380000)
  to   space 5120K, 0% used [0x00000000d8380000,0x00000000d8380000,0x00000000d8880000)
 ParOldGen       total 87552K, used 5525K [0x0000000081a00000, 0x0000000086f80000, 0x00000000d5e00000)
  object space 87552K, 6% used [0x0000000081a00000,0x0000000081f65698,0x0000000086f80000)
 Metaspace       used 15989K, capacity 16418K, committed 16640K, reserved 1064960K
  class space    used 1916K, capacity 2022K, committed 2048K, reserved 1048576K
Event: 6.221 GC heap after
Heap after GC invocations=4 (full 0):
 PSYoungGen      total 38400K, used 5088K [0x00000000d5e00000, 0x00000000d8880000, 0x0000000100000000)
  eden space 33280K, 0% used [0x00000000d5e00000,0x00000000d5e00000,0x00000000d7e80000)
  from space 5120K, 99% used [0x00000000d8380000,0x00000000d8878060,0x00000000d8880000)
  to   space 5120K, 0% used [0x00000000d7e80000,0x00000000d7e80000,0x00000000d8380000)
 ParOldGen       total 87552K, used 7489K [0x0000000081a00000, 0x0000000086f80000, 0x00000000d5e00000)
  object space 87552K, 8% used [0x0000000081a00000,0x00000000821507f8,0x0000000086f80000)
 Metaspace       used 15989K, capacity 16418K, committed 16640K, reserved 1064960K
  class space    used 1916K, capacity 2022K, committed 2048K, reserved 1048576K
}

Deoptimization events (10 events):
Event: 3.943 Thread 0x0000000002c42800 Uncommon trap: reason=unstable_if action=reinterpret pc=0x000000000307cc84 method=java.lang.String.regionMatches(ZILjava/lang/String;II)Z @ 25
Event: 3.951 Thread 0x0000000002c42800 Uncommon trap: reason=unstable_if action=reinterpret pc=0x00000000030de7f4 method=java.util.HashMap.hash(Ljava/lang/Object;)I @ 1
Event: 3.952 Thread 0x0000000002c42800 Uncommon trap: reason=unstable_if action=reinterpret pc=0x000000000304f128 method=java.util.HashMap.hash(Ljava/lang/Object;)I @ 1
Event: 3.952 Thread 0x0000000002c42800 Uncommon trap: reason=unstable_if action=reinterpret pc=0x00000000030c31b8 method=java.util.HashMap.getNode(ILjava/lang/Object;)Ljava/util/HashMap$Node; @ 53
Event: 4.121 Thread 0x0000000002c42800 Uncommon trap: reason=class_check action=maybe_recompile pc=0x0000000003213448 method=com.google.inject.internal.LinkedBindingImpl.acceptTargetVisitor(Lcom/google/inject/spi/BindingTargetVisitor;)Ljava/lang/Object; @ 2
Event: 4.121 Thread 0x0000000002c42800 Uncommon trap: reason=class_check action=maybe_recompile pc=0x0000000003213448 method=com.google.inject.internal.LinkedBindingImpl.acceptTargetVisitor(Lcom/google/inject/spi/BindingTargetVisitor;)Ljava/lang/Object; @ 2
Event: 4.143 Thread 0x0000000002c42800 Uncommon trap: reason=class_check action=maybe_recompile pc=0x0000000003213448 method=com.google.inject.internal.LinkedBindingImpl.acceptTargetVisitor(Lcom/google/inject/spi/BindingTargetVisitor;)Ljava/lang/Object; @ 2
Event: 4.143 Thread 0x0000000002c42800 Uncommon trap: reason=class_check action=maybe_recompile pc=0x0000000003213448 method=com.google.inject.internal.LinkedBindingImpl.acceptTargetVisitor(Lcom/google/inject/spi/BindingTargetVisitor;)Ljava/lang/Object; @ 2
Event: 6.461 Thread 0x0000000002c42800 Uncommon trap: reason=unstable_if action=reinterpret pc=0x00000000032cf1a0 method=java.lang.String.trim()Ljava/lang/String; @ 63
Event: 8.436 Thread 0x0000000002c42800 Uncommon trap: reason=unstable_if action=reinterpret pc=0x000000000346a21c method=org.apache.maven.model.merge.ModelMerger.mergeConfigurationContainer_Inherited(Lorg/apache/maven/model/ConfigurationContainer;Lorg/apache/maven/model/ConfigurationContainer;

Classes redefined (0 events):
No events

Internal exceptions (10 events):
Event: 3.062 Thread 0x0000000002c42800 Exception <a 'java/lang/NoClassDefFoundError'> (0x00000000d64016c0) thrown at [C:\ade\jenkins\workspace\8-2-build-windows-amd64-cygwin\jdk8u241\331\hotspot\src\share\vm\prims\jvm.cpp, line 1506]
Event: 3.220 Thread 0x0000000002c42800 Exception <a 'java/lang/NullPointerException'> (0x00000000d6af23e0) thrown at [C:\ade\jenkins\workspace\8-2-build-windows-amd64-cygwin\jdk8u241\331\hotspot\src\share\vm\interpreter\linkResolver.cpp, line 1185]
Event: 3.220 Thread 0x0000000002c42800 Exception <a 'java/lang/NullPointerException'> (0x00000000d6af25e8) thrown at [C:\ade\jenkins\workspace\8-2-build-windows-amd64-cygwin\jdk8u241\331\hotspot\src\share\vm\interpreter\linkResolver.cpp, line 1185]
Event: 3.220 Thread 0x0000000002c42800 Exception <a 'java/lang/NullPointerException'> (0x00000000d6af27f0) thrown at [C:\ade\jenkins\workspace\8-2-build-windows-amd64-cygwin\jdk8u241\331\hotspot\src\share\vm\interpreter\linkResolver.cpp, line 1185]
Event: 3.220 Thread 0x0000000002c42800 Exception <a 'java/lang/NullPointerException'> (0x00000000d6af9d10) thrown at [C:\ade\jenkins\workspace\8-2-build-windows-amd64-cygwin\jdk8u241\331\hotspot\src\share\vm\interpreter\linkResolver.cpp, line 1185]
Event: 3.220 Thread 0x0000000002c42800 Exception <a 'java/lang/NullPointerException'> (0x00000000d6af9f18) thrown at [C:\ade\jenkins\workspace\8-2-build-windows-amd64-cygwin\jdk8u241\331\hotspot\src\share\vm\interpreter\linkResolver.cpp, line 1185]
Event: 3.220 Thread 0x0000000002c42800 Exception <a 'java/lang/NullPointerException'> (0x00000000d6afa120) thrown at [C:\ade\jenkins\workspace\8-2-build-windows-amd64-cygwin\jdk8u241\331\hotspot\src\share\vm\interpreter\linkResolver.cpp, line 1185]
Event: 3.629 Thread 0x0000000002c42800 Implicit null exception at 0x00000000032d5d58 to 0x00000000032d6fe1
Event: 3.951 Thread 0x0000000002c42800 Implicit null exception at 0x00000000030de615 to 0x00000000030de7e5
Event: 3.952 Thread 0x0000000002c42800 Implicit null exception at 0x000000000304f0af to 0x000000000304f119

Events (10 events):
Event: 8.631 loading class org/apache/maven/plugin/Mojo
Event: 8.631 loading class org/apache/maven/plugin/Mojo done
Event: 8.631 loading class org/apache/maven/plugin/dependency/HelpMojo
Event: 8.631 loading class org/apache/maven/plugin/dependency/HelpMojo done
Event: 8.631 loading class org/apache/maven/plugin/dependency/HelpMojo
Event: 8.631 loading class org/apache/maven/plugin/dependency/HelpMojo done
Event: 8.631 loading class org/apache/maven/plugin/dependency/HelpMojo
Event: 8.631 loading class org/apache/maven/plugin/dependency/HelpMojo done
Event: 8.631 loading class org/apache/maven/plugin/dependency/HelpMojo
Event: 8.631 loading class org/apache/maven/plugin/dependency/HelpMojo done


Dynamic libraries:
0x00007ff7d9090000 - 0x00007ff7d90c7000 	C:\Program Files\Java\jdk1.8.0_241\bin\java.exe
0x00007ffc8e530000 - 0x00007ffc8e725000 	C:\WINDOWS\SYSTEM32\ntdll.dll
0x00007ffc8c6b0000 - 0x00007ffc8c76e000 	C:\WINDOWS\System32\KERNEL32.DLL
0x00007ffc8bcb0000 - 0x00007ffc8bf78000 	C:\WINDOWS\System32\KERNELBASE.dll
0x00007ffc8d9a0000 - 0x00007ffc8da4c000 	C:\WINDOWS\System32\ADVAPI32.dll
0x00007ffc8dae0000 - 0x00007ffc8db7e000 	C:\WINDOWS\System32\msvcrt.dll
0x00007ffc8d640000 - 0x00007ffc8d6db000 	C:\WINDOWS\System32\sechost.dll
0x00007ffc8c580000 - 0x00007ffc8c6aa000 	C:\WINDOWS\System32\RPCRT4.dll
0x00007ffc8cc20000 - 0x00007ffc8cdc1000 	C:\WINDOWS\System32\USER32.dll
0x00007ffc8c360000 - 0x00007ffc8c382000 	C:\WINDOWS\System32\win32u.dll
0x00007ffc8da50000 - 0x00007ffc8da7b000 	C:\WINDOWS\System32\GDI32.dll
0x00007ffc8c390000 - 0x00007ffc8c49b000 	C:\WINDOWS\System32\gdi32full.dll
0x00007ffc8bf80000 - 0x00007ffc8c01d000 	C:\WINDOWS\System32\msvcp_win.dll
0x00007ffc8c020000 - 0x00007ffc8c120000 	C:\WINDOWS\System32\ucrtbase.dll
0x00007ffc79c00000 - 0x00007ffc79e9a000 	C:\WINDOWS\WinSxS\amd64_microsoft.windows.common-controls_6595b64144ccf1df_6.0.19041.1110_none_60b5254171f9507e\COMCTL32.dll
0x00007ffc8cb90000 - 0x00007ffc8cbc0000 	C:\WINDOWS\System32\IMM32.DLL
0x00000000574a0000 - 0x0000000057572000 	C:\Program Files\Java\jdk1.8.0_241\jre\bin\msvcr100.dll
0x0000000057580000 - 0x0000000057e2c000 	C:\Program Files\Java\jdk1.8.0_241\jre\bin\server\jvm.dll
0x00007ffc8d6e0000 - 0x00007ffc8d6e8000 	C:\WINDOWS\System32\PSAPI.DLL
0x00007ffc79bb0000 - 0x00007ffc79bd7000 	C:\WINDOWS\SYSTEM32\WINMM.dll
0x00007ffc82fa0000 - 0x00007ffc82faa000 	C:\WINDOWS\SYSTEM32\VERSION.dll
0x00007ffc89c00000 - 0x00007ffc89c09000 	C:\WINDOWS\SYSTEM32\WSOCK32.dll
0x00007ffc8e480000 - 0x00007ffc8e4eb000 	C:\WINDOWS\System32\WS2_32.dll
0x00007ffc85890000 - 0x00007ffc8589f000 	C:\Program Files\Java\jdk1.8.0_241\jre\bin\verify.dll
0x00007ffc85610000 - 0x00007ffc85639000 	C:\Program Files\Java\jdk1.8.0_241\jre\bin\java.dll
0x00007ffc851d0000 - 0x00007ffc851e6000 	C:\Program Files\Java\jdk1.8.0_241\jre\bin\zip.dll
0x00007ffc8cdd0000 - 0x00007ffc8d50f000 	C:\WINDOWS\System32\SHELL32.dll
0x00007ffc89d30000 - 0x00007ffc8a4c0000 	C:\WINDOWS\SYSTEM32\windows.storage.dll
0x00007ffc8db80000 - 0x00007ffc8ded5000 	C:\WINDOWS\System32\combase.dll
0x00007ffc8b6a0000 - 0x00007ffc8b6ce000 	C:\WINDOWS\SYSTEM32\Wldp.dll
0x00007ffc8d6f0000 - 0x00007ffc8d79d000 	C:\WINDOWS\System32\SHCORE.dll
0x00007ffc8e420000 - 0x00007ffc8e475000 	C:\WINDOWS\System32\shlwapi.dll
0x00007ffc8bb90000 - 0x00007ffc8bbaf000 	C:\WINDOWS\SYSTEM32\profapi.dll
0x0000000069ac0000 - 0x0000000069ae4000 	D:\maven\apache-maven-3.8.3\lib\jansi-native\Windows\x86_64\jansi.dll

VM Arguments:
jvm_args: -Dclassworlds.conf=D:\maven\apache-maven-3.8.3\bin\m2.conf -Dmaven.home=D:\maven\apache-maven-3.8.3 -Dlibrary.jansi.path=D:\maven\apache-maven-3.8.3\lib\jansi-native -Dmaven.multiModuleProjectDirectory=C:\Users\Rori\Documents\NetBeansProjects\ParkingLot 
java_command: org.codehaus.plexus.classworlds.launcher.Launcher -Dmaven.ext.class.path=C:\Program Files\NetBeans-12.5\netbeans\java\maven-nblib\netbeans-eventspy.jar -Dfile.encoding=UTF-8 clean install
java_class_path (initial): D:\maven\apache-maven-3.8.3\boot\plexus-classworlds-2.6.0.jar
Launcher Type: SUN_STANDARD

Environment Variables:
JAVA_HOME=C:\Program Files\Java\jdk1.8.0_241
PATH=C:\Python310\Scripts\;C:\Python310\;C:\Program Files (x86)\Embarcadero\Studio\21.0\bin;C:\Users\Public\Documents\Embarcadero\Studio\21.0\Bpl;C:\Program Files (x86)\Embarcadero\Studio\21.0\bin64;C:\Users\Public\Documents\Embarcadero\Studio\21.0\Bpl\Win64;C:\PROGRA~2\Borland\CBUILD~1\Bin;C:\PROGRA~2\Borland\CBUILD~1\Projects\Bpl;C:\Program Files (x86)\Embarcadero\Studio\20.0\bin;C:\Users\Public\Documents\Embarcadero\Studio\20.0\Bpl;C:\Program Files (x86)\Embarcadero\Studio\20.0\bin64;C:\Users\Public\Documents\Embarcadero\Studio\20.0\Bpl\Win64;C:\Program Files (x86)\Common Files\Oracle\Java\javapath;C:\Windows\system32;C:\Windows;C:\Windows\System32\Wbem;C:\Windows\System32\WindowsPowerShell\v1.0\;C:\Windows\System32\OpenSSH\;C:\Program Files\dotnet\;C:\Program Files\NVIDIA Corporation\NVIDIA NvDLISR;C:\Program Files (x86)\NVIDIA Corporation\PhysX\Common;C:\Program Files (x86)\Windows Kits\10\Windows Performance Toolkit\;C:\WINDOWS\system32;C:\WINDOWS;C:\WINDOWS\System32\Wbem;C:\WINDOWS\System32\WindowsPowerShell\v1.0\;C:\WINDOWS\System32\OpenSSH\;C:\Program Files (x86)\IVI Foundation\VISA\WinNT\Bin\;C:\Program Files\IVI Foundation\VISA\Win64\Bin\;C:\Program Files (x86)\IVI Foundation\VISA\WinNT\Bin;C:\Program Files (x86)\Microsoft SQL Server\90\Tools\binn\;C:\Program Files\nodejs\;C:\ProgramData\chocolatey\bin;C:\Users\Rori\.cargo\bin;C:\Users\Rori\AppData\Local\Programs\AdoptOpenJDK\jdk-11.0.8.10-hotspot\bin;C:\Users\Rori\AppData\Local\Microsoft\WindowsApps;C:\Users\Rori\AppData\Local\Programs\Microsoft VS Code\bin;C:\Users\Rori\AppData\Local\GitHubDesktop\bin;C:\Users\Rori\Desktop\php-8.0.3-Win32-vs16-x64;D:\maven\apache-maven-3.8.3\bin;C:\Program Files\Java\jdk1.8.0_202\bin;C:\Users\Rori\.dotnet\tools;C:\Users\Rori\AppData\Roaming\npm
USERNAME=Rori
OS=Windows_NT
PROCESSOR_IDENTIFIER=Intel64 Family 6 Model 94 Stepping 3, GenuineIntel



---------------  S Y S T E M  ---------------

OS: Windows 10.0 , 64 bit Build 19041 (10.0.19041.1348)

CPU:total 8 (initial active 8) (4 cores per cpu, 2 threads per core) family 6 model 94 stepping 3, cmov, cx8, fxsr, mmx, sse, sse2, sse3, ssse3, sse4.1, sse4.2, popcnt, avx, avx2, aes, clmul, erms, rtm, 3dnowpref, lzcnt, ht, tsc, tscinvbit, bmi1, bmi2, adx

Memory: 4k page, physical 8278804k(1232092k free), swap 8278804k(5528k free)

vm_info: Java HotSpot(TM) 64-Bit Server VM (25.241-b07) for windows-amd64 JRE (1.8.0_241-b07), built on Dec 11 2019 10:21:40 by "rejava" with MS VC++ 10.0 (VS2010)

time: Sun Dec 12 18:13:36 2021
timezone: GTB Standard Time
elapsed time: 8 seconds (0d 0h 0m 8s)

